2025-04-15 14:13:48,348 :INFO :*****Check the presence of forgotten password text test is started*****
2025-04-15 14:13:49,562 :INFO :*******Forgotten Password Text Test is passed*********
2025-04-15 14:13:52,981 :INFO :*****Login using keyboard keys test is started*****
2025-04-15 14:13:54,930 :INFO :*******The login test using keyboard keys is passed*********
2025-04-16 10:15:50,121 :INFO :*****Check the presence of forgotten password text test is started*****
2025-04-16 10:15:51,396 :INFO :*******Forgotten Password Text Test is passed*********
2025-04-16 10:15:54,857 :INFO :*****Login using keyboard keys test is started*****
2025-04-16 10:15:56,150 :INFO :*******The login test using keyboard keys is failed*********
2025-04-16 10:18:12,032 :INFO :*****Login using keyboard keys test is started*****
2025-04-16 10:18:13,597 :INFO :*******The login test using keyboard keys is failed*********
2025-04-16 10:20:00,486 :INFO :*****Login using keyboard keys test is started*****
2025-04-16 10:20:02,236 :INFO :*******The login test using keyboard keys is passed*********
2025-04-16 10:20:20,937 :INFO :*****Login using keyboard keys test is started*****
2025-04-16 10:20:22,327 :INFO :*******The login test using keyboard keys is failed*********
2025-04-16 10:21:22,761 :INFO :*****Login using keyboard keys test is started*****
2025-04-16 10:21:24,756 :INFO :*******The login test using keyboard keys is passed*********
2025-04-16 10:21:39,944 :INFO :*****Login using keyboard keys test is started*****
2025-04-16 10:21:41,515 :INFO :*******The login test using keyboard keys is failed*********
2025-04-16 10:21:52,179 :INFO :*****Login using keyboard keys test is started*****
2025-04-16 10:21:54,075 :INFO :*******The login test using keyboard keys is passed*********
2025-04-16 10:22:02,465 :INFO :*****Login using keyboard keys test is started*****
2025-04-16 10:22:04,467 :INFO :*******The login test using keyboard keys is failed*********
2025-04-16 10:23:16,388 :INFO :*****Check the presence of forgotten password text test is started*****
2025-04-16 10:23:17,561 :INFO :*******Forgotten Password Text Test is passed*********
2025-04-16 10:23:21,222 :INFO :*****Login using keyboard keys test is started*****
2025-04-16 10:23:23,163 :INFO :*******The login test using keyboard keys is passed*********
2025-04-16 10:25:52,367 :INFO :*****Check the presence of forgotten password text test is started*****
2025-04-16 10:25:53,787 :INFO :*******Forgotten Password Text Test is passed*********
2025-04-16 10:26:04,677 :INFO :*****Login using keyboard keys test is started*****
2025-04-16 10:26:05,783 :INFO :*******The login test using keyboard keys is failed*********
2025-04-16 10:59:11,357 :INFO :*****Checking existing of placeholder text test is started*****
2025-04-16 10:59:12,097 :INFO :*******The placeholder texts exist in the fields*********
2025-04-16 12:16:56,164 :INFO :*****Check the presence of forgotten password text test is started*****
2025-04-16 12:16:57,732 :INFO :*******Forgotten Password Text Test is passed*********
2025-04-16 12:17:02,328 :INFO :*****Login using keyboard keys test is started*****
2025-04-16 12:17:04,400 :INFO :*******The login test using keyboard keys is passed*********
2025-04-16 12:17:08,122 :INFO :*****Checking existing of placeholder text test is started*****
2025-04-16 12:17:09,151 :INFO :*******The placeholder texts exist in the fields*********
2025-04-16 12:17:09,155 :INFO :*****Checking visibility text of password test is started*****
2025-04-16 12:17:28,007 :INFO :*****Check the presence of forgotten password text test is started*****
2025-04-16 12:17:29,436 :INFO :*******Forgotten Password Text Test is passed*********
2025-04-16 12:17:33,515 :INFO :*****Login using keyboard keys test is started*****
2025-04-16 12:17:35,526 :INFO :*******The login test using keyboard keys is passed*********
2025-04-16 12:17:39,219 :INFO :*****Checking existing of placeholder text test is started*****
2025-04-16 12:17:40,048 :INFO :*******The placeholder texts exist in the fields*********
2025-04-16 12:17:43,338 :INFO :*****Checking visibility text of password test is started*****
2025-04-16 12:17:44,391 :INFO :*****The password isn't hidden*****
2025-04-16 12:18:47,497 :INFO :*****Check the presence of forgotten password text test is started*****
2025-04-16 12:18:48,814 :INFO :*******Forgotten Password Text Test is passed*********
2025-04-16 12:18:54,190 :INFO :*****Login using keyboard keys test is started*****
2025-04-16 12:18:56,209 :INFO :*******The login test using keyboard keys is passed*********
2025-04-16 12:19:01,673 :INFO :*****Checking existing of placeholder text test is started*****
2025-04-16 12:19:02,649 :INFO :*******The placeholder texts exist in the fields*********
2025-04-16 12:19:08,609 :INFO :*****Checking visibility text of password test is started*****
2025-04-16 12:19:09,899 :INFO :*****The password is hidden*****
2025-04-16 12:22:04,344 :INFO :*****Check the presence of forgotten password text test is started*****
2025-04-16 12:22:06,015 :INFO :*******Forgotten Password Text Test is passed*********
2025-04-16 12:22:09,934 :INFO :*****Login using keyboard keys test is started*****
2025-04-16 12:22:12,646 :INFO :*******The login test using keyboard keys is passed*********
2025-04-16 12:22:16,950 :INFO :*****Checking existing of placeholder text test is started*****
2025-04-16 12:22:17,756 :INFO :*******The placeholder texts exist in the fields*********
2025-04-16 12:22:21,522 :INFO :*****Checking visibility text of password test is started*****
2025-04-16 12:22:22,517 :INFO :*****The password is hidden*****
2025-04-22 10:44:25,301 :INFO :*****Check the presence of forgotten password text test is started*****
2025-04-22 10:44:25,301 :INFO :*****Check the presence of forgotten password text test is started*****
2025-04-22 10:44:27,238 :INFO :*******Forgotten Password Text Test is passed*********
2025-04-22 10:44:27,238 :INFO :*******Forgotten Password Text Test is passed*********
2025-04-22 10:44:35,259 :INFO :*****Login using keyboard keys test is started*****
2025-04-22 10:44:35,259 :INFO :*****Login using keyboard keys test is started*****
2025-04-22 10:44:38,590 :INFO :*******The login test using keyboard keys is passed*********
2025-04-22 10:44:38,590 :INFO :*******The login test using keyboard keys is passed*********
2025-04-22 10:44:42,687 :INFO :*****Checking existing of placeholder text test is started*****
2025-04-22 10:44:42,687 :INFO :*****Checking existing of placeholder text test is started*****
2025-04-22 10:44:43,498 :INFO :*******The placeholder texts exist in the fields*********
2025-04-22 10:44:43,498 :INFO :*******The placeholder texts exist in the fields*********
2025-04-22 10:44:47,550 :INFO :*****Checking visibility text of password test is started*****
2025-04-22 10:44:47,550 :INFO :*****Checking visibility text of password test is started*****
2025-04-22 10:44:48,410 :INFO :*****The password is hidden*****
2025-04-22 10:44:48,410 :INFO :*****The password is hidden*****
2025-04-22 12:10:27,256 :INFO :*****Check the presence of forgotten password text test is started*****
2025-04-22 12:10:27,256 :INFO :*****Check the presence of forgotten password text test is started*****
2025-04-22 12:10:29,965 :INFO :*******Forgotten Password Text Test is passed*********
2025-04-22 12:10:29,965 :INFO :*******Forgotten Password Text Test is passed*********
2025-04-22 12:10:34,684 :INFO :*****Login using keyboard keys test is started*****
2025-04-22 12:10:34,684 :INFO :*****Login using keyboard keys test is started*****
2025-04-22 12:10:37,169 :INFO :*******The login test using keyboard keys is passed*********
2025-04-22 12:10:37,169 :INFO :*******The login test using keyboard keys is passed*********
2025-04-22 12:10:41,614 :INFO :*****Checking existing of placeholder text test is started*****
2025-04-22 12:10:41,614 :INFO :*****Checking existing of placeholder text test is started*****
2025-04-22 12:10:42,612 :INFO :*******The placeholder texts exist in the fields*********
2025-04-22 12:10:42,612 :INFO :*******The placeholder texts exist in the fields*********
2025-04-22 12:10:46,914 :INFO :*****Checking visibility text of password test is started*****
2025-04-22 12:10:46,914 :INFO :*****Checking visibility text of password test is started*****
2025-04-22 12:10:47,828 :INFO :*****The password is hidden*****
2025-04-22 12:10:47,828 :INFO :*****The password is hidden*****
2025-04-22 14:31:05,406 :INFO :The product was successfully added
2025-04-22 14:31:05,406 :INFO :The product was successfully added
2025-04-22 14:40:35,356 :INFO :The product was successfully added
2025-04-22 14:40:35,356 :INFO :The product was successfully added
2025-04-22 15:30:40,385 :INFO :The product was successfully added
2025-04-22 15:30:40,385 :INFO :The product was successfully added
2025-04-22 21:48:11,993 :INFO :*****Login using keyboard keys test is started*****
2025-04-22 21:48:15,320 :INFO :*******The login test using keyboard keys is passed*********
2025-04-22 21:48:24,578 :INFO :*****Checking existing of placeholder text test is started*****
2025-04-22 21:48:25,700 :INFO :*******The placeholder texts exist in the fields*********
2025-04-22 21:48:34,904 :INFO :*****Checking visibility text of password test is started*****
2025-04-22 21:48:35,801 :INFO :*****The password is hidden*****
2025-04-22 21:54:49,837 :INFO :*****Check the presence of forgotten password text test is started*****
2025-04-22 21:54:51,846 :INFO :*******Forgotten Password Text Test is passed*********
2025-04-22 21:54:58,770 :INFO :*****Login using keyboard keys test is started*****
2025-04-22 21:55:01,052 :INFO :*******The login test using keyboard keys is passed*********
2025-04-22 21:55:21,453 :INFO :*****Checking existing of placeholder text test is started*****
2025-04-22 21:55:22,411 :INFO :*******The placeholder texts exist in the fields*********
2025-04-22 21:55:28,966 :INFO :*****Checking visibility text of password test is started*****
2025-04-22 21:55:30,233 :INFO :*****The password is hidden*****
2025-04-24 12:38:11,192 :INFO :***The Message is displayed***
2025-04-24 12:38:11,192 :INFO :***The Message is displayed***
2025-04-24 12:41:16,923 :INFO :***The Message is displayed arcin***
2025-04-24 12:41:16,923 :INFO :***The Message is displayed arcin***
2025-04-24 12:41:20,489 :ERROR :Error terminating service process.
Traceback (most recent call last):
  File "C:\Python-Selenium\QA-Automation-Learning\MySecondProject_Opencart\.venv\Lib\site-packages\selenium\webdriver\common\service.py", line 181, in _terminate_process
    self.process.terminate()
  File "C:\Program Files\Python312\Lib\subprocess.py", line 1671, in terminate
    _winapi.TerminateProcess(self._handle, 1)
OSError: [WinError 6] Das Handle ist ungültig
2025-04-24 12:41:20,489 :ERROR :Error terminating service process.
Traceback (most recent call last):
  File "C:\Python-Selenium\QA-Automation-Learning\MySecondProject_Opencart\.venv\Lib\site-packages\selenium\webdriver\common\service.py", line 181, in _terminate_process
    self.process.terminate()
  File "C:\Program Files\Python312\Lib\subprocess.py", line 1671, in terminate
    _winapi.TerminateProcess(self._handle, 1)
OSError: [WinError 6] Das Handle ist ungültig
2025-04-25 12:38:10,047 :ERROR :Error terminating service process.
Traceback (most recent call last):
  File "C:\Python-Selenium\QA-Automation-Learning\MySecondProject_Opencart\.venv\Lib\site-packages\selenium\webdriver\common\service.py", line 181, in _terminate_process
    self.process.terminate()
  File "C:\Program Files\Python312\Lib\subprocess.py", line 1671, in terminate
    _winapi.TerminateProcess(self._handle, 1)
OSError: [WinError 6] Das Handle ist ungültig
2025-04-25 13:06:23,013 :ERROR :Error terminating service process.
Traceback (most recent call last):
  File "C:\Python-Selenium\QA-Automation-Learning\MySecondProject_Opencart\.venv\Lib\site-packages\selenium\webdriver\common\service.py", line 181, in _terminate_process
    self.process.terminate()
  File "C:\Program Files\Python312\Lib\subprocess.py", line 1671, in terminate
    _winapi.TerminateProcess(self._handle, 1)
OSError: [WinError 6] Das Handle ist ungültig
2025-04-25 13:09:27,974 :ERROR :Error terminating service process.
Traceback (most recent call last):
  File "C:\Python-Selenium\QA-Automation-Learning\MySecondProject_Opencart\.venv\Lib\site-packages\selenium\webdriver\common\service.py", line 181, in _terminate_process
    self.process.terminate()
  File "C:\Program Files\Python312\Lib\subprocess.py", line 1671, in terminate
    _winapi.TerminateProcess(self._handle, 1)
OSError: [WinError 6] Das Handle ist ungültig
2025-04-25 13:27:39,802 :INFO :*****Login test is started*****
2025-04-25 13:27:39,802 :INFO :*****Login test is started*****
2025-04-25 13:27:39,802 :INFO :*****Login test is started*****
2025-04-25 13:27:41,606 :INFO :***Error message wasn't displayed***
2025-04-25 13:27:41,606 :INFO :***Error message wasn't displayed***
2025-04-25 13:27:41,606 :INFO :***Error message wasn't displayed***
2025-04-25 13:27:46,961 :ERROR :***Error message is displayed***
2025-04-25 13:27:46,961 :ERROR :***Error message is displayed***
2025-04-25 13:27:46,961 :ERROR :***Error message is displayed***
2025-04-25 13:27:52,958 :INFO :*****Login test is started*****
2025-04-25 13:27:52,958 :INFO :*****Login test is started*****
2025-04-25 13:27:52,958 :INFO :*****Login test is started*****
2025-04-25 13:27:54,221 :INFO :***Error message wasn't displayed***
2025-04-25 13:27:54,221 :INFO :***Error message wasn't displayed***
2025-04-25 13:27:54,221 :INFO :***Error message wasn't displayed***
2025-04-25 13:27:59,988 :INFO :*****Login test is started*****
2025-04-25 13:27:59,988 :INFO :*****Login test is started*****
2025-04-25 13:27:59,988 :INFO :*****Login test is started*****
2025-04-25 13:28:01,138 :INFO :***Error message wasn't displayed***
2025-04-25 13:28:01,138 :INFO :***Error message wasn't displayed***
2025-04-25 13:28:01,138 :INFO :***Error message wasn't displayed***
2025-04-25 13:28:07,206 :INFO :*****Login test is started*****
2025-04-25 13:28:07,206 :INFO :*****Login test is started*****
2025-04-25 13:28:07,206 :INFO :*****Login test is started*****
2025-04-25 13:28:08,433 :INFO :***Error message wasn't displayed***
2025-04-25 13:28:08,433 :INFO :***Error message wasn't displayed***
2025-04-25 13:28:08,433 :INFO :***Error message wasn't displayed***
2025-04-25 13:28:14,469 :INFO :*****Login test is started*****
2025-04-25 13:28:14,469 :INFO :*****Login test is started*****
2025-04-25 13:28:14,469 :INFO :*****Login test is started*****
2025-04-25 13:28:15,581 :INFO :***Error message wasn't displayed***
2025-04-25 13:28:15,581 :INFO :***Error message wasn't displayed***
2025-04-25 13:28:15,581 :INFO :***Error message wasn't displayed***
2025-04-28 13:51:51,267 :INFO :*****Login test is started*****
2025-04-28 13:51:51,267 :INFO :*****Login test is started*****
2025-04-28 13:51:51,267 :INFO :*****Login test is started*****
2025-04-28 13:51:51,267 :INFO :*****Login test is started*****
2025-04-28 13:51:55,670 :INFO :***The Message is displayed***
2025-04-28 13:51:55,670 :INFO :***The Message is displayed***
2025-04-28 13:51:55,670 :INFO :***The Message is displayed***
2025-04-28 13:51:55,670 :INFO :***The Message is displayed***
2025-04-28 13:51:58,803 :ERROR :Error terminating service process.
Traceback (most recent call last):
  File "C:\Python-Selenium\QA-Automation-Learning\MySecondProject_Opencart\.venv\Lib\site-packages\selenium\webdriver\common\service.py", line 181, in _terminate_process
    self.process.terminate()
  File "C:\Program Files\Python312\Lib\subprocess.py", line 1671, in terminate
    _winapi.TerminateProcess(self._handle, 1)
OSError: [WinError 6] Das Handle ist ungültig
2025-04-28 13:51:58,803 :ERROR :Error terminating service process.
Traceback (most recent call last):
  File "C:\Python-Selenium\QA-Automation-Learning\MySecondProject_Opencart\.venv\Lib\site-packages\selenium\webdriver\common\service.py", line 181, in _terminate_process
    self.process.terminate()
  File "C:\Program Files\Python312\Lib\subprocess.py", line 1671, in terminate
    _winapi.TerminateProcess(self._handle, 1)
OSError: [WinError 6] Das Handle ist ungültig
2025-04-28 13:51:58,803 :ERROR :Error terminating service process.
Traceback (most recent call last):
  File "C:\Python-Selenium\QA-Automation-Learning\MySecondProject_Opencart\.venv\Lib\site-packages\selenium\webdriver\common\service.py", line 181, in _terminate_process
    self.process.terminate()
  File "C:\Program Files\Python312\Lib\subprocess.py", line 1671, in terminate
    _winapi.TerminateProcess(self._handle, 1)
OSError: [WinError 6] Das Handle ist ungültig
2025-04-28 13:51:58,803 :ERROR :Error terminating service process.
Traceback (most recent call last):
  File "C:\Python-Selenium\QA-Automation-Learning\MySecondProject_Opencart\.venv\Lib\site-packages\selenium\webdriver\common\service.py", line 181, in _terminate_process
    self.process.terminate()
  File "C:\Program Files\Python312\Lib\subprocess.py", line 1671, in terminate
    _winapi.TerminateProcess(self._handle, 1)
OSError: [WinError 6] Das Handle ist ungültig
2025-04-28 17:52:55,547 :INFO :*****Login test is started*****
2025-04-28 17:52:55,547 :INFO :*****Login test is started*****
2025-04-28 17:52:55,547 :INFO :*****Login test is started*****
2025-04-28 17:52:55,547 :INFO :*****Login test is started*****
2025-04-28 18:15:57,410 :INFO :*****Login test is started*****
2025-04-28 18:15:57,410 :INFO :*****Login test is started*****
2025-04-28 18:15:57,410 :INFO :*****Login test is started*****
2025-04-28 18:15:57,410 :INFO :*****Login test is started*****
2025-04-28 18:16:03,406 :INFO :***The Message is displayed***
2025-04-28 18:16:03,406 :INFO :***The Message is displayed***
2025-04-28 18:16:03,406 :INFO :***The Message is displayed***
2025-04-28 18:16:03,406 :INFO :***The Message is displayed***
2025-04-28 18:16:48,704 :INFO :*****Login test is started*****
2025-04-28 18:16:48,704 :INFO :*****Login test is started*****
2025-04-28 18:16:48,704 :INFO :*****Login test is started*****
2025-04-28 18:16:48,704 :INFO :*****Login test is started*****
2025-04-28 18:16:54,298 :INFO :***The Message is displayed***
2025-04-28 18:16:54,298 :INFO :***The Message is displayed***
2025-04-28 18:16:54,298 :INFO :***The Message is displayed***
2025-04-28 18:16:54,298 :INFO :***The Message is displayed***
2025-04-28 20:05:33,954 :INFO :*****Login test is started*****
2025-04-28 20:05:33,954 :INFO :*****Login test is started*****
2025-04-28 20:05:33,954 :INFO :*****Login test is started*****
2025-04-28 20:05:33,954 :INFO :*****Login test is started*****
2025-04-28 20:05:38,986 :INFO :***The Message is displayed***
2025-04-28 20:05:38,986 :INFO :***The Message is displayed***
2025-04-28 20:05:38,986 :INFO :***The Message is displayed***
2025-04-28 20:05:38,986 :INFO :***The Message is displayed***
2025-04-28 20:24:29,883 :INFO :*****Checking existing of placeholder text test is started*****
2025-04-28 20:24:29,883 :INFO :*****Checking existing of placeholder text test is started*****
2025-04-28 20:24:29,883 :INFO :*****Checking existing of placeholder text test is started*****
2025-04-28 20:24:46,016 :INFO :*****Login using keyboard keys test is started*****
2025-04-28 20:24:46,016 :INFO :*****Login using keyboard keys test is started*****
2025-04-28 20:24:46,016 :INFO :*****Login using keyboard keys test is started*****
2025-04-28 20:24:46,951 :INFO :*****Login test is started*****
2025-04-28 20:24:46,951 :INFO :*****Login test is started*****
2025-04-28 20:24:46,951 :INFO :*****Login test is started*****
2025-04-28 20:25:04,908 :INFO :*****Checking visibility text of password test is started*****
2025-04-28 20:25:04,908 :INFO :*****Checking visibility text of password test is started*****
2025-04-28 20:25:04,908 :INFO :*****Checking visibility text of password test is started*****
2025-04-28 20:25:05,689 :INFO :*****Login test is started*****
2025-04-28 20:25:05,689 :INFO :*****Login test is started*****
2025-04-28 20:25:05,689 :INFO :*****Login test is started*****
2025-04-28 20:25:05,737 :INFO :*****The password is hidden*****
2025-04-28 20:25:05,737 :INFO :*****The password is hidden*****
2025-04-28 20:25:05,737 :INFO :*****The password is hidden*****
2025-04-28 20:25:19,252 :INFO :*****Check the presence of forgotten password text test is started*****
2025-04-28 20:25:19,252 :INFO :*****Check the presence of forgotten password text test is started*****
2025-04-28 20:25:19,252 :INFO :*****Check the presence of forgotten password text test is started*****
2025-04-28 20:25:19,959 :INFO :*****Login test is started*****
2025-04-28 20:25:19,959 :INFO :*****Login test is started*****
2025-04-28 20:25:19,959 :INFO :*****Login test is started*****
2025-04-28 20:25:20,842 :INFO :*******Forgotten Password Text Test is passed*********
2025-04-28 20:25:20,842 :INFO :*******Forgotten Password Text Test is passed*********
2025-04-28 20:25:20,842 :INFO :*******Forgotten Password Text Test is passed*********
2025-04-28 20:28:44,858 :INFO :*****Checking existing of placeholder text test is started*****
2025-04-28 20:28:44,858 :INFO :*****Checking existing of placeholder text test is started*****
2025-04-28 20:28:44,858 :INFO :*****Checking existing of placeholder text test is started*****
2025-04-28 20:28:54,735 :INFO :*****Login using keyboard keys test is started*****
2025-04-28 20:28:54,735 :INFO :*****Login using keyboard keys test is started*****
2025-04-28 20:28:54,735 :INFO :*****Login using keyboard keys test is started*****
2025-04-28 20:28:55,879 :INFO :*****Login test is started*****
2025-04-28 20:28:55,879 :INFO :*****Login test is started*****
2025-04-28 20:28:55,879 :INFO :*****Login test is started*****
2025-04-28 20:29:03,721 :INFO :*****Checking visibility text of password test is started*****
2025-04-28 20:29:03,721 :INFO :*****Checking visibility text of password test is started*****
2025-04-28 20:29:03,721 :INFO :*****Checking visibility text of password test is started*****
2025-04-28 20:29:04,501 :INFO :*****Login test is started*****
2025-04-28 20:29:04,501 :INFO :*****Login test is started*****
2025-04-28 20:29:04,501 :INFO :*****Login test is started*****
2025-04-28 20:29:04,584 :INFO :*****The password is hidden*****
2025-04-28 20:29:04,584 :INFO :*****The password is hidden*****
2025-04-28 20:29:04,584 :INFO :*****The password is hidden*****
2025-04-28 20:29:10,275 :INFO :*****Check the presence of forgotten password text test is started*****
2025-04-28 20:29:10,275 :INFO :*****Check the presence of forgotten password text test is started*****
2025-04-28 20:29:10,275 :INFO :*****Check the presence of forgotten password text test is started*****
2025-04-28 20:29:11,036 :INFO :*****Login test is started*****
2025-04-28 20:29:11,036 :INFO :*****Login test is started*****
2025-04-28 20:29:11,036 :INFO :*****Login test is started*****
2025-04-28 20:29:12,213 :INFO :*******Forgotten Password Text Test is passed*********
2025-04-28 20:29:12,213 :INFO :*******Forgotten Password Text Test is passed*********
2025-04-28 20:29:12,213 :INFO :*******Forgotten Password Text Test is passed*********
2025-04-28 20:30:43,906 :INFO :*****Checking existing of placeholder text test is started*****
2025-04-28 20:30:43,906 :INFO :*****Checking existing of placeholder text test is started*****
2025-04-28 20:30:43,906 :INFO :*****Checking existing of placeholder text test is started*****
2025-04-28 20:30:44,725 :INFO :*****Login test is started*****
2025-04-28 20:30:44,725 :INFO :*****Login test is started*****
2025-04-28 20:30:44,725 :INFO :*****Login test is started*****
2025-04-28 20:30:44,824 :INFO :*******The placeholder texts exist in the fields*********
2025-04-28 20:30:44,824 :INFO :*******The placeholder texts exist in the fields*********
2025-04-28 20:30:44,824 :INFO :*******The placeholder texts exist in the fields*********
2025-04-28 20:30:48,967 :INFO :*****Login using keyboard keys test is started*****
2025-04-28 20:30:48,967 :INFO :*****Login using keyboard keys test is started*****
2025-04-28 20:30:48,967 :INFO :*****Login using keyboard keys test is started*****
2025-04-28 20:30:49,744 :INFO :*****Login test is started*****
2025-04-28 20:30:49,744 :INFO :*****Login test is started*****
2025-04-28 20:30:49,744 :INFO :*****Login test is started*****
2025-04-28 20:30:57,439 :INFO :*****Checking visibility text of password test is started*****
2025-04-28 20:30:57,439 :INFO :*****Checking visibility text of password test is started*****
2025-04-28 20:30:57,439 :INFO :*****Checking visibility text of password test is started*****
2025-04-28 20:30:58,189 :INFO :*****Login test is started*****
2025-04-28 20:30:58,189 :INFO :*****Login test is started*****
2025-04-28 20:30:58,189 :INFO :*****Login test is started*****
2025-04-28 20:30:58,247 :INFO :*****The password is hidden*****
2025-04-28 20:30:58,247 :INFO :*****The password is hidden*****
2025-04-28 20:30:58,247 :INFO :*****The password is hidden*****
2025-04-28 20:31:10,268 :INFO :*****Check the presence of forgotten password text test is started*****
2025-04-28 20:31:10,268 :INFO :*****Check the presence of forgotten password text test is started*****
2025-04-28 20:31:10,268 :INFO :*****Check the presence of forgotten password text test is started*****
2025-04-28 20:31:11,270 :INFO :*****Login test is started*****
2025-04-28 20:31:11,270 :INFO :*****Login test is started*****
2025-04-28 20:31:11,270 :INFO :*****Login test is started*****
2025-04-28 20:31:11,959 :INFO :*******Forgotten Password Text Test is passed*********
2025-04-28 20:31:11,959 :INFO :*******Forgotten Password Text Test is passed*********
2025-04-28 20:31:11,959 :INFO :*******Forgotten Password Text Test is passed*********
2025-04-28 20:31:42,985 :INFO :*****Checking existing of placeholder text test is started*****
2025-04-28 20:31:42,985 :INFO :*****Checking existing of placeholder text test is started*****
2025-04-28 20:31:42,985 :INFO :*****Checking existing of placeholder text test is started*****
2025-04-28 20:31:43,949 :INFO :*****Login test is started*****
2025-04-28 20:31:43,949 :INFO :*****Login test is started*****
2025-04-28 20:31:43,949 :INFO :*****Login test is started*****
2025-04-28 20:31:44,020 :INFO :*******The placeholder texts exist in the fields*********
2025-04-28 20:31:44,020 :INFO :*******The placeholder texts exist in the fields*********
2025-04-28 20:31:44,020 :INFO :*******The placeholder texts exist in the fields*********
2025-04-28 20:31:56,487 :INFO :*****Login using keyboard keys test is started*****
2025-04-28 20:31:56,487 :INFO :*****Login using keyboard keys test is started*****
2025-04-28 20:31:56,487 :INFO :*****Login using keyboard keys test is started*****
2025-04-28 20:31:57,257 :INFO :*****Login test is started*****
2025-04-28 20:31:57,257 :INFO :*****Login test is started*****
2025-04-28 20:31:57,257 :INFO :*****Login test is started*****
2025-04-28 20:32:11,674 :INFO :*****Checking visibility text of password test is started*****
2025-04-28 20:32:11,674 :INFO :*****Checking visibility text of password test is started*****
2025-04-28 20:32:11,674 :INFO :*****Checking visibility text of password test is started*****
2025-04-28 20:32:12,757 :INFO :*****Login test is started*****
2025-04-28 20:32:12,757 :INFO :*****Login test is started*****
2025-04-28 20:32:12,757 :INFO :*****Login test is started*****
2025-04-28 20:32:12,805 :INFO :*****The password is hidden*****
2025-04-28 20:32:12,805 :INFO :*****The password is hidden*****
2025-04-28 20:32:12,805 :INFO :*****The password is hidden*****
2025-04-28 20:32:25,108 :INFO :*****Check the presence of forgotten password text test is started*****
2025-04-28 20:32:25,108 :INFO :*****Check the presence of forgotten password text test is started*****
2025-04-28 20:32:25,108 :INFO :*****Check the presence of forgotten password text test is started*****
2025-04-28 20:32:25,881 :INFO :*****Login test is started*****
2025-04-28 20:32:25,881 :INFO :*****Login test is started*****
2025-04-28 20:32:25,881 :INFO :*****Login test is started*****
2025-04-28 20:32:26,594 :INFO :*******Forgotten Password Text Test is passed*********
2025-04-28 20:32:26,594 :INFO :*******Forgotten Password Text Test is passed*********
2025-04-28 20:32:26,594 :INFO :*******Forgotten Password Text Test is passed*********
2025-04-28 20:34:29,692 :INFO :*****Checking existing of placeholder text test is started*****
2025-04-28 20:34:29,692 :INFO :*****Checking existing of placeholder text test is started*****
2025-04-28 20:34:29,692 :INFO :*****Checking existing of placeholder text test is started*****
2025-04-28 20:34:30,581 :INFO :*****Login test is started*****
2025-04-28 20:34:30,581 :INFO :*****Login test is started*****
2025-04-28 20:34:30,581 :INFO :*****Login test is started*****
2025-04-28 20:34:30,682 :INFO :*******The placeholder texts exist in the fields*********
2025-04-28 20:34:30,682 :INFO :*******The placeholder texts exist in the fields*********
2025-04-28 20:34:30,682 :INFO :*******The placeholder texts exist in the fields*********
2025-04-28 20:34:43,532 :INFO :*****Login using keyboard keys test is started*****
2025-04-28 20:34:43,532 :INFO :*****Login using keyboard keys test is started*****
2025-04-28 20:34:43,532 :INFO :*****Login using keyboard keys test is started*****
2025-04-28 20:34:44,409 :INFO :*****Login test is started*****
2025-04-28 20:34:44,409 :INFO :*****Login test is started*****
2025-04-28 20:34:44,409 :INFO :*****Login test is started*****
2025-04-28 20:34:55,677 :INFO :*****Checking visibility text of password test is started*****
2025-04-28 20:34:55,677 :INFO :*****Checking visibility text of password test is started*****
2025-04-28 20:34:55,677 :INFO :*****Checking visibility text of password test is started*****
2025-04-28 20:34:56,677 :INFO :*****Login test is started*****
2025-04-28 20:34:56,677 :INFO :*****Login test is started*****
2025-04-28 20:34:56,677 :INFO :*****Login test is started*****
2025-04-28 20:34:56,727 :INFO :*****The password is hidden*****
2025-04-28 20:34:56,727 :INFO :*****The password is hidden*****
2025-04-28 20:34:56,727 :INFO :*****The password is hidden*****
2025-04-28 20:35:09,786 :INFO :*****Check the presence of forgotten password text test is started*****
2025-04-28 20:35:09,786 :INFO :*****Check the presence of forgotten password text test is started*****
2025-04-28 20:35:09,786 :INFO :*****Check the presence of forgotten password text test is started*****
2025-04-28 20:35:10,632 :INFO :*****Login test is started*****
2025-04-28 20:35:10,632 :INFO :*****Login test is started*****
2025-04-28 20:35:10,632 :INFO :*****Login test is started*****
2025-04-28 20:35:11,594 :INFO :*******Forgotten Password Text Test is passed*********
2025-04-28 20:35:11,594 :INFO :*******Forgotten Password Text Test is passed*********
2025-04-28 20:35:11,594 :INFO :*******Forgotten Password Text Test is passed*********
2025-04-28 20:36:05,470 :INFO :*****Checking existing of placeholder text test is started*****
2025-04-28 20:36:05,470 :INFO :*****Checking existing of placeholder text test is started*****
2025-04-28 20:36:05,470 :INFO :*****Checking existing of placeholder text test is started*****
2025-04-28 20:36:06,165 :INFO :*****Login test is started*****
2025-04-28 20:36:06,165 :INFO :*****Login test is started*****
2025-04-28 20:36:06,165 :INFO :*****Login test is started*****
2025-04-28 20:36:06,271 :INFO :*******The placeholder texts exist in the fields*********
2025-04-28 20:36:06,271 :INFO :*******The placeholder texts exist in the fields*********
2025-04-28 20:36:06,271 :INFO :*******The placeholder texts exist in the fields*********
2025-04-28 20:36:12,235 :INFO :*****Login using keyboard keys test is started*****
2025-04-28 20:36:12,235 :INFO :*****Login using keyboard keys test is started*****
2025-04-28 20:36:12,235 :INFO :*****Login using keyboard keys test is started*****
2025-04-28 20:36:12,969 :INFO :*****Login test is started*****
2025-04-28 20:36:12,969 :INFO :*****Login test is started*****
2025-04-28 20:36:12,969 :INFO :*****Login test is started*****
2025-04-28 20:36:20,689 :INFO :*****Checking visibility text of password test is started*****
2025-04-28 20:36:20,689 :INFO :*****Checking visibility text of password test is started*****
2025-04-28 20:36:20,689 :INFO :*****Checking visibility text of password test is started*****
2025-04-28 20:36:21,594 :INFO :*****Login test is started*****
2025-04-28 20:36:21,594 :INFO :*****Login test is started*****
2025-04-28 20:36:21,594 :INFO :*****Login test is started*****
2025-04-28 20:36:21,643 :INFO :*****The password is hidden*****
2025-04-28 20:36:21,643 :INFO :*****The password is hidden*****
2025-04-28 20:36:21,643 :INFO :*****The password is hidden*****
2025-04-28 20:36:27,318 :INFO :*****Check the presence of forgotten password text test is started*****
2025-04-28 20:36:27,318 :INFO :*****Check the presence of forgotten password text test is started*****
2025-04-28 20:36:27,318 :INFO :*****Check the presence of forgotten password text test is started*****
2025-04-28 20:36:28,111 :INFO :*****Login test is started*****
2025-04-28 20:36:28,111 :INFO :*****Login test is started*****
2025-04-28 20:36:28,111 :INFO :*****Login test is started*****
2025-04-28 20:36:28,754 :INFO :*******Forgotten Password Text Test is passed*********
2025-04-28 20:36:28,754 :INFO :*******Forgotten Password Text Test is passed*********
2025-04-28 20:36:28,754 :INFO :*******Forgotten Password Text Test is passed*********
2025-04-28 20:37:00,372 :INFO :*****Checking existing of placeholder text test is started*****
2025-04-28 20:37:00,372 :INFO :*****Checking existing of placeholder text test is started*****
2025-04-28 20:37:00,372 :INFO :*****Checking existing of placeholder text test is started*****
2025-04-28 20:37:01,272 :INFO :*****Login test is started*****
2025-04-28 20:37:01,272 :INFO :*****Login test is started*****
2025-04-28 20:37:01,272 :INFO :*****Login test is started*****
2025-04-28 20:37:01,410 :INFO :*******The placeholder texts exist in the fields*********
2025-04-28 20:37:01,410 :INFO :*******The placeholder texts exist in the fields*********
2025-04-28 20:37:01,410 :INFO :*******The placeholder texts exist in the fields*********
2025-04-28 20:37:06,186 :INFO :*****Login using keyboard keys test is started*****
2025-04-28 20:37:06,186 :INFO :*****Login using keyboard keys test is started*****
2025-04-28 20:37:06,186 :INFO :*****Login using keyboard keys test is started*****
2025-04-28 20:37:06,907 :INFO :*****Login test is started*****
2025-04-28 20:37:06,907 :INFO :*****Login test is started*****
2025-04-28 20:37:06,907 :INFO :*****Login test is started*****
2025-04-28 20:37:14,083 :INFO :*****Checking visibility text of password test is started*****
2025-04-28 20:37:14,083 :INFO :*****Checking visibility text of password test is started*****
2025-04-28 20:37:14,083 :INFO :*****Checking visibility text of password test is started*****
2025-04-28 20:37:14,926 :INFO :*****Login test is started*****
2025-04-28 20:37:14,926 :INFO :*****Login test is started*****
2025-04-28 20:37:14,926 :INFO :*****Login test is started*****
2025-04-28 20:37:15,025 :INFO :*****The password is hidden*****
2025-04-28 20:37:15,025 :INFO :*****The password is hidden*****
2025-04-28 20:37:15,025 :INFO :*****The password is hidden*****
2025-04-28 20:37:19,667 :INFO :*****Check the presence of forgotten password text test is started*****
2025-04-28 20:37:19,667 :INFO :*****Check the presence of forgotten password text test is started*****
2025-04-28 20:37:19,667 :INFO :*****Check the presence of forgotten password text test is started*****
2025-04-28 20:37:20,535 :INFO :*****Login test is started*****
2025-04-28 20:37:20,535 :INFO :*****Login test is started*****
2025-04-28 20:37:20,535 :INFO :*****Login test is started*****
2025-04-28 20:37:21,255 :INFO :*******Forgotten Password Text Test is passed*********
2025-04-28 20:37:21,255 :INFO :*******Forgotten Password Text Test is passed*********
2025-04-28 20:37:21,255 :INFO :*******Forgotten Password Text Test is passed*********
2025-04-29 09:50:23,619 :INFO :Starting login Test
2025-04-29 09:50:23,619 :INFO :Starting login Test
2025-04-29 09:50:23,619 :INFO :Starting login Test
2025-04-29 09:50:24,638 :INFO :***Error message wasn't displayed***
2025-04-29 09:50:24,638 :INFO :***Error message wasn't displayed***
2025-04-29 09:50:24,638 :INFO :***Error message wasn't displayed***
2025-04-29 09:50:24,688 :ERROR :Test felgeschlagen: Login failed!
assert ('False' == 'True'
  
  - True
  + False)
2025-04-29 09:50:24,688 :ERROR :Test felgeschlagen: Login failed!
assert ('False' == 'True'
  
  - True
  + False)
2025-04-29 09:50:24,688 :ERROR :Test felgeschlagen: Login failed!
assert ('False' == 'True'
  
  - True
  + False)
2025-04-29 09:50:30,151 :INFO :Starting login Test
2025-04-29 09:50:30,151 :INFO :Starting login Test
2025-04-29 09:50:30,151 :INFO :Starting login Test
2025-04-29 09:50:31,102 :INFO :***Error message wasn't displayed***
2025-04-29 09:50:31,102 :INFO :***Error message wasn't displayed***
2025-04-29 09:50:31,102 :INFO :***Error message wasn't displayed***
2025-04-29 09:50:31,185 :INFO :Login erfolgreich
2025-04-29 09:50:31,185 :INFO :Login erfolgreich
2025-04-29 09:50:31,185 :INFO :Login erfolgreich
2025-04-29 09:50:37,325 :INFO :Starting login Test
2025-04-29 09:50:37,325 :INFO :Starting login Test
2025-04-29 09:50:37,325 :INFO :Starting login Test
2025-04-29 09:50:38,374 :INFO :***Error message wasn't displayed***
2025-04-29 09:50:38,374 :INFO :***Error message wasn't displayed***
2025-04-29 09:50:38,374 :INFO :***Error message wasn't displayed***
2025-04-29 09:50:38,456 :INFO :Login erfolgreich
2025-04-29 09:50:38,456 :INFO :Login erfolgreich
2025-04-29 09:50:38,456 :INFO :Login erfolgreich
2025-04-29 09:50:49,429 :INFO :Starting login Test
2025-04-29 09:50:49,429 :INFO :Starting login Test
2025-04-29 09:50:49,429 :INFO :Starting login Test
2025-04-29 09:50:50,102 :INFO :***Error message wasn't displayed***
2025-04-29 09:50:50,102 :INFO :***Error message wasn't displayed***
2025-04-29 09:50:50,102 :INFO :***Error message wasn't displayed***
2025-04-29 09:50:50,514 :INFO :Login erfolgreich
2025-04-29 09:50:50,514 :INFO :Login erfolgreich
2025-04-29 09:50:50,514 :INFO :Login erfolgreich
2025-04-29 09:50:55,467 :INFO :Starting login Test
2025-04-29 09:50:55,467 :INFO :Starting login Test
2025-04-29 09:50:55,467 :INFO :Starting login Test
2025-04-29 09:50:56,464 :INFO :***Error message wasn't displayed***
2025-04-29 09:50:56,464 :INFO :***Error message wasn't displayed***
2025-04-29 09:50:56,464 :INFO :***Error message wasn't displayed***
2025-04-29 09:50:56,543 :INFO :Login erfolgreich
2025-04-29 09:50:56,543 :INFO :Login erfolgreich
2025-04-29 09:50:56,543 :INFO :Login erfolgreich
2025-04-29 09:58:00,255 :INFO :Starting login Test
2025-04-29 09:58:00,255 :INFO :Starting login Test
2025-04-29 09:58:00,255 :INFO :Starting login Test
2025-04-29 09:58:01,311 :INFO :***Error message wasn't displayed***
2025-04-29 09:58:01,311 :INFO :***Error message wasn't displayed***
2025-04-29 09:58:01,311 :INFO :***Error message wasn't displayed***
2025-04-29 09:58:07,448 :INFO :Starting login Test
2025-04-29 09:58:07,448 :INFO :Starting login Test
2025-04-29 09:58:07,448 :INFO :Starting login Test
2025-04-29 09:58:08,763 :INFO :***Error message wasn't displayed***
2025-04-29 09:58:08,763 :INFO :***Error message wasn't displayed***
2025-04-29 09:58:08,763 :INFO :***Error message wasn't displayed***
2025-04-29 09:58:14,249 :INFO :Starting login Test
2025-04-29 09:58:14,249 :INFO :Starting login Test
2025-04-29 09:58:14,249 :INFO :Starting login Test
2025-04-29 09:58:15,348 :INFO :***Error message wasn't displayed***
2025-04-29 09:58:15,348 :INFO :***Error message wasn't displayed***
2025-04-29 09:58:15,348 :INFO :***Error message wasn't displayed***
2025-04-29 09:58:20,406 :INFO :Starting login Test
2025-04-29 09:58:20,406 :INFO :Starting login Test
2025-04-29 09:58:20,406 :INFO :Starting login Test
2025-04-29 09:58:21,603 :INFO :***Error message wasn't displayed***
2025-04-29 09:58:21,603 :INFO :***Error message wasn't displayed***
2025-04-29 09:58:21,603 :INFO :***Error message wasn't displayed***
2025-04-29 09:58:26,733 :INFO :Starting login Test
2025-04-29 09:58:26,733 :INFO :Starting login Test
2025-04-29 09:58:26,733 :INFO :Starting login Test
2025-04-29 09:58:27,708 :INFO :***Error message wasn't displayed***
2025-04-29 09:58:27,708 :INFO :***Error message wasn't displayed***
2025-04-29 09:58:27,708 :INFO :***Error message wasn't displayed***
2025-04-29 10:04:07,986 :INFO :Starting login Test
2025-04-29 10:04:07,986 :INFO :Starting login Test
2025-04-29 10:04:07,986 :INFO :Starting login Test
2025-04-29 10:04:09,134 :INFO :***Error message wasn't displayed***
2025-04-29 10:04:09,134 :INFO :***Error message wasn't displayed***
2025-04-29 10:04:09,134 :INFO :***Error message wasn't displayed***
2025-04-29 10:04:09,188 :ERROR :Login felgeschlagen: Login failed!
assert ('False' == 'True'
  
  - True
  + False)
2025-04-29 10:04:09,188 :ERROR :Login felgeschlagen: Login failed!
assert ('False' == 'True'
  
  - True
  + False)
2025-04-29 10:04:09,188 :ERROR :Login felgeschlagen: Login failed!
assert ('False' == 'True'
  
  - True
  + False)
2025-04-29 10:04:13,610 :INFO :Starting login Test
2025-04-29 10:04:13,610 :INFO :Starting login Test
2025-04-29 10:04:13,610 :INFO :Starting login Test
2025-04-29 10:04:14,510 :INFO :***Error message wasn't displayed***
2025-04-29 10:04:14,510 :INFO :***Error message wasn't displayed***
2025-04-29 10:04:14,510 :INFO :***Error message wasn't displayed***
2025-04-29 10:04:14,558 :INFO :Login erfolgreich
2025-04-29 10:04:14,558 :INFO :Login erfolgreich
2025-04-29 10:04:14,558 :INFO :Login erfolgreich
2025-04-29 10:04:20,379 :INFO :Starting login Test
2025-04-29 10:04:20,379 :INFO :Starting login Test
2025-04-29 10:04:20,379 :INFO :Starting login Test
2025-04-29 10:04:21,270 :INFO :***Error message wasn't displayed***
2025-04-29 10:04:21,270 :INFO :***Error message wasn't displayed***
2025-04-29 10:04:21,270 :INFO :***Error message wasn't displayed***
2025-04-29 10:04:21,342 :INFO :Login erfolgreich
2025-04-29 10:04:21,342 :INFO :Login erfolgreich
2025-04-29 10:04:21,342 :INFO :Login erfolgreich
2025-04-29 10:04:32,491 :INFO :Starting login Test
2025-04-29 10:04:32,491 :INFO :Starting login Test
2025-04-29 10:04:32,491 :INFO :Starting login Test
2025-04-29 10:04:33,144 :INFO :***Error message wasn't displayed***
2025-04-29 10:04:33,144 :INFO :***Error message wasn't displayed***
2025-04-29 10:04:33,144 :INFO :***Error message wasn't displayed***
2025-04-29 10:04:33,559 :INFO :Login erfolgreich
2025-04-29 10:04:33,559 :INFO :Login erfolgreich
2025-04-29 10:04:33,559 :INFO :Login erfolgreich
2025-04-29 10:04:37,753 :INFO :Starting login Test
2025-04-29 10:04:37,753 :INFO :Starting login Test
2025-04-29 10:04:37,753 :INFO :Starting login Test
2025-04-29 10:04:38,333 :INFO :***Error message wasn't displayed***
2025-04-29 10:04:38,333 :INFO :***Error message wasn't displayed***
2025-04-29 10:04:38,333 :INFO :***Error message wasn't displayed***
2025-04-29 10:04:38,714 :INFO :Login erfolgreich
2025-04-29 10:04:38,714 :INFO :Login erfolgreich
2025-04-29 10:04:38,714 :INFO :Login erfolgreich
2025-04-29 10:06:38,661 :INFO :Starting login Test
2025-04-29 10:06:38,661 :INFO :Starting login Test
2025-04-29 10:06:38,661 :INFO :Starting login Test
2025-04-29 10:06:39,842 :INFO :***Error message wasn't displayed***
2025-04-29 10:06:39,842 :INFO :***Error message wasn't displayed***
2025-04-29 10:06:39,842 :INFO :***Error message wasn't displayed***
2025-04-29 10:06:39,918 :ERROR :Login felgeschlagen: Login failed!
assert ('False' == 'True'
  
  - True
  + False)
2025-04-29 10:06:39,918 :ERROR :Login felgeschlagen: Login failed!
assert ('False' == 'True'
  
  - True
  + False)
2025-04-29 10:06:39,918 :ERROR :Login felgeschlagen: Login failed!
assert ('False' == 'True'
  
  - True
  + False)
2025-04-29 10:06:45,990 :INFO :Starting login Test
2025-04-29 10:06:45,990 :INFO :Starting login Test
2025-04-29 10:06:45,990 :INFO :Starting login Test
2025-04-29 10:06:47,028 :INFO :***Error message wasn't displayed***
2025-04-29 10:06:47,028 :INFO :***Error message wasn't displayed***
2025-04-29 10:06:47,028 :INFO :***Error message wasn't displayed***
2025-04-29 10:06:47,077 :INFO :Login erfolgreich
2025-04-29 10:06:47,077 :INFO :Login erfolgreich
2025-04-29 10:06:47,077 :INFO :Login erfolgreich
2025-04-29 10:06:51,873 :INFO :Starting login Test
2025-04-29 10:06:51,873 :INFO :Starting login Test
2025-04-29 10:06:51,873 :INFO :Starting login Test
2025-04-29 10:06:52,939 :INFO :***Error message wasn't displayed***
2025-04-29 10:06:52,939 :INFO :***Error message wasn't displayed***
2025-04-29 10:06:52,939 :INFO :***Error message wasn't displayed***
2025-04-29 10:06:52,989 :INFO :Login erfolgreich
2025-04-29 10:06:52,989 :INFO :Login erfolgreich
2025-04-29 10:06:52,989 :INFO :Login erfolgreich
2025-04-29 10:06:58,266 :INFO :Starting login Test
2025-04-29 10:06:58,266 :INFO :Starting login Test
2025-04-29 10:06:58,266 :INFO :Starting login Test
2025-04-29 10:06:59,355 :INFO :***Error message wasn't displayed***
2025-04-29 10:06:59,355 :INFO :***Error message wasn't displayed***
2025-04-29 10:06:59,355 :INFO :***Error message wasn't displayed***
2025-04-29 10:06:59,396 :INFO :Login erfolgreich
2025-04-29 10:06:59,396 :INFO :Login erfolgreich
2025-04-29 10:06:59,396 :INFO :Login erfolgreich
2025-04-29 10:07:04,588 :INFO :Starting login Test
2025-04-29 10:07:04,588 :INFO :Starting login Test
2025-04-29 10:07:04,588 :INFO :Starting login Test
2025-04-29 10:07:05,717 :INFO :***Error message wasn't displayed***
2025-04-29 10:07:05,717 :INFO :***Error message wasn't displayed***
2025-04-29 10:07:05,717 :INFO :***Error message wasn't displayed***
2025-04-29 10:07:05,782 :INFO :Login erfolgreich
2025-04-29 10:07:05,782 :INFO :Login erfolgreich
2025-04-29 10:07:05,782 :INFO :Login erfolgreich
2025-04-29 10:25:49,564 :INFO :Starting login Test
2025-04-29 10:25:49,564 :INFO :Starting login Test
2025-04-29 10:25:49,564 :INFO :Starting login Test
2025-04-29 10:25:50,284 :INFO :***Error message wasn't displayed***
2025-04-29 10:25:50,284 :INFO :***Error message wasn't displayed***
2025-04-29 10:25:50,284 :INFO :***Error message wasn't displayed***
2025-04-29 10:25:50,740 :ERROR :Login felgeschlagen: Login failed!
assert ('False' == 'True'
  
  - True
  + False)
2025-04-29 10:25:50,740 :ERROR :Login felgeschlagen: Login failed!
assert ('False' == 'True'
  
  - True
  + False)
2025-04-29 10:25:50,740 :ERROR :Login felgeschlagen: Login failed!
assert ('False' == 'True'
  
  - True
  + False)
2025-04-29 10:25:57,073 :INFO :Starting login Test
2025-04-29 10:25:57,073 :INFO :Starting login Test
2025-04-29 10:25:57,073 :INFO :Starting login Test
2025-04-29 10:25:58,399 :INFO :***Error message wasn't displayed***
2025-04-29 10:25:58,399 :INFO :***Error message wasn't displayed***
2025-04-29 10:25:58,399 :INFO :***Error message wasn't displayed***
2025-04-29 10:25:58,452 :INFO :Login erfolgreich
2025-04-29 10:25:58,452 :INFO :Login erfolgreich
2025-04-29 10:25:58,452 :INFO :Login erfolgreich
2025-04-29 10:26:08,175 :INFO :Starting login Test
2025-04-29 10:26:08,175 :INFO :Starting login Test
2025-04-29 10:26:08,175 :INFO :Starting login Test
2025-04-29 10:26:09,615 :INFO :***Error message wasn't displayed***
2025-04-29 10:26:09,615 :INFO :***Error message wasn't displayed***
2025-04-29 10:26:09,615 :INFO :***Error message wasn't displayed***
2025-04-29 10:26:09,698 :INFO :Login erfolgreich
2025-04-29 10:26:09,698 :INFO :Login erfolgreich
2025-04-29 10:26:09,698 :INFO :Login erfolgreich
2025-04-29 10:26:15,052 :INFO :Starting login Test
2025-04-29 10:26:15,052 :INFO :Starting login Test
2025-04-29 10:26:15,052 :INFO :Starting login Test
2025-04-29 10:26:16,103 :INFO :***Error message wasn't displayed***
2025-04-29 10:26:16,103 :INFO :***Error message wasn't displayed***
2025-04-29 10:26:16,103 :INFO :***Error message wasn't displayed***
2025-04-29 10:26:16,149 :INFO :Login erfolgreich
2025-04-29 10:26:16,149 :INFO :Login erfolgreich
2025-04-29 10:26:16,149 :INFO :Login erfolgreich
2025-04-29 10:26:20,178 :INFO :Starting login Test
2025-04-29 10:26:20,178 :INFO :Starting login Test
2025-04-29 10:26:20,178 :INFO :Starting login Test
2025-04-29 10:26:21,098 :INFO :***Error message wasn't displayed***
2025-04-29 10:26:21,098 :INFO :***Error message wasn't displayed***
2025-04-29 10:26:21,098 :INFO :***Error message wasn't displayed***
2025-04-29 10:26:21,155 :INFO :Login erfolgreich
2025-04-29 10:26:21,155 :INFO :Login erfolgreich
2025-04-29 10:26:21,155 :INFO :Login erfolgreich
2025-04-29 10:48:05,963 :INFO :Starting login Test
2025-04-29 10:48:05,963 :INFO :Starting login Test
2025-04-29 10:48:05,963 :INFO :Starting login Test
2025-04-29 10:48:07,012 :ERROR :Login felgeschlagen: Login failed!
assert ('False' == 'True'
  
  - True
  + False)
2025-04-29 10:48:07,012 :ERROR :Login felgeschlagen: Login failed!
assert ('False' == 'True'
  
  - True
  + False)
2025-04-29 10:48:07,012 :ERROR :Login felgeschlagen: Login failed!
assert ('False' == 'True'
  
  - True
  + False)
2025-04-29 10:48:11,867 :INFO :Starting login Test
2025-04-29 10:48:11,867 :INFO :Starting login Test
2025-04-29 10:48:11,867 :INFO :Starting login Test
2025-04-29 10:48:13,171 :INFO :Login erfolgreich
2025-04-29 10:48:13,171 :INFO :Login erfolgreich
2025-04-29 10:48:13,171 :INFO :Login erfolgreich
2025-04-29 10:48:20,143 :INFO :Starting login Test
2025-04-29 10:48:20,143 :INFO :Starting login Test
2025-04-29 10:48:20,143 :INFO :Starting login Test
2025-04-29 10:48:21,468 :INFO :Login erfolgreich
2025-04-29 10:48:21,468 :INFO :Login erfolgreich
2025-04-29 10:48:21,468 :INFO :Login erfolgreich
2025-04-29 10:48:27,649 :INFO :Starting login Test
2025-04-29 10:48:27,649 :INFO :Starting login Test
2025-04-29 10:48:27,649 :INFO :Starting login Test
2025-04-29 10:48:29,399 :INFO :Login erfolgreich
2025-04-29 10:48:29,399 :INFO :Login erfolgreich
2025-04-29 10:48:29,399 :INFO :Login erfolgreich
2025-04-29 10:48:35,847 :INFO :Starting login Test
2025-04-29 10:48:35,847 :INFO :Starting login Test
2025-04-29 10:48:35,847 :INFO :Starting login Test
2025-04-29 10:48:36,935 :INFO :Login erfolgreich
2025-04-29 10:48:36,935 :INFO :Login erfolgreich
2025-04-29 10:48:36,935 :INFO :Login erfolgreich
2025-04-29 11:33:02,419 :INFO :Starting login Test
2025-04-29 11:33:03,461 :ERROR :Login felgeschlagen: Login failed!
assert ('False' == 'True'
  
  - True
  + False)
2025-04-29 11:33:09,032 :INFO :Starting login Test
2025-04-29 11:33:10,353 :INFO :Login erfolgreich
2025-04-29 11:33:15,124 :INFO :Starting login Test
2025-04-29 11:33:16,519 :INFO :Login erfolgreich
2025-04-29 11:33:23,566 :INFO :Starting login Test
2025-04-29 11:33:24,788 :INFO :Login erfolgreich
2025-04-29 11:33:29,023 :INFO :Starting login Test
2025-04-29 11:33:30,100 :INFO :Login erfolgreich
2025-04-29 11:37:14,684 :INFO :Starting login Test
2025-04-29 11:37:15,844 :ERROR :Login felgeschlagen: Login failed!
assert ('False' == 'True'
  
  - True
  + False)
2025-04-29 11:37:20,719 :INFO :Starting login Test
2025-04-29 11:37:21,833 :INFO :Login erfolgreich
2025-04-29 11:37:27,520 :INFO :Starting login Test
2025-04-29 11:37:28,687 :INFO :Login erfolgreich
2025-04-29 11:37:33,242 :INFO :Starting login Test
2025-04-29 11:37:34,434 :INFO :Login erfolgreich
2025-04-29 11:37:38,706 :INFO :Starting login Test
2025-04-29 11:37:39,904 :INFO :Login erfolgreich
2025-04-29 12:37:19,754 :ERROR :Error terminating service process.
Traceback (most recent call last):
  File "C:\Python-Selenium\QA-Automation-Learning\MySecondProject_Opencart\.venv\Lib\site-packages\selenium\webdriver\common\service.py", line 181, in _terminate_process
    self.process.terminate()
  File "C:\Program Files\Python312\Lib\subprocess.py", line 1671, in terminate
    _winapi.TerminateProcess(self._handle, 1)
OSError: [WinError 6] Das Handle ist ungültig
2025-04-29 12:37:32,480 :ERROR :Error terminating service process.
Traceback (most recent call last):
  File "C:\Python-Selenium\QA-Automation-Learning\MySecondProject_Opencart\.venv\Lib\site-packages\selenium\webdriver\common\service.py", line 181, in _terminate_process
    self.process.terminate()
  File "C:\Program Files\Python312\Lib\subprocess.py", line 1671, in terminate
    _winapi.TerminateProcess(self._handle, 1)
OSError: [WinError 6] Das Handle ist ungültig
2025-04-29 14:58:37,812 :INFO :Placeholder Text are available in the fields
2025-04-29 14:58:43,419 :INFO :Login using keyboard key successful
2025-04-29 14:58:47,703 :INFO :Starting login Test
2025-04-29 14:58:54,258 :INFO :Login successful
2025-04-29 14:58:58,514 :INFO :Starting login Test
2025-04-29 14:59:05,643 :INFO :Login successful
2025-04-29 14:59:09,818 :INFO :Starting login Test
2025-04-29 14:59:10,906 :INFO :Login successful
2025-04-29 14:59:15,514 :INFO :Starting login Test
2025-04-29 14:59:16,778 :INFO :Login successful
2025-04-29 14:59:22,669 :INFO :Starting login Test
2025-04-29 14:59:24,178 :INFO :Login successful
2025-04-29 14:59:29,408 :INFO :Password Text is hidden
2025-04-29 14:59:36,546 :INFO :Forgotten password Text is available
2025-05-02 10:17:57,290 :ERROR :Test felgeschlagen: Test failed
assert False == True
 +  where False = check_product_name('Samsung SyncMaster 941BW')
 +    where check_product_name = <pageObjects.shoppingCartPage.ShoppingCartPage object at 0x0000026714FBC770>.check_product_name
 +      where <pageObjects.shoppingCartPage.ShoppingCartPage object at 0x0000026714FBC770> = <testCases.test_addToCart.Test_002_addToCart testMethod=test_add_product_to_wish_list_1___username_gmail_de____admin__>.cart_page
2025-05-02 10:18:12,747 :INFO :successful message is displayed
2025-05-02 10:18:13,483 :ERROR :Test felgeschlagen: Test failed
assert False == True
 +  where False = check_product_name('imac')
 +    where check_product_name = <pageObjects.shoppingCartPage.ShoppingCartPage object at 0x000002671503AD80>.check_product_name
 +      where <pageObjects.shoppingCartPage.ShoppingCartPage object at 0x000002671503AD80> = <testCases.test_addToCart.Test_002_addToCart testMethod=test_add_to_cart_from_product_display_1___username_gmail_de____admin__>.cart_page
2025-05-02 10:26:47,762 :INFO :successful message is displayed
2025-05-02 10:28:47,068 :INFO :successful message is displayed
2025-05-02 10:35:01,225 :INFO :successful message is displayed
2025-05-02 10:39:28,883 :INFO :successful message is displayed
2025-05-02 10:41:19,464 :INFO :successful message is displayed
2025-05-02 10:44:49,653 :INFO :successful message is displayed
2025-05-02 10:46:00,835 :INFO :successful message is displayed
2025-05-02 10:48:32,525 :INFO :successful message is displayed
2025-05-02 10:51:23,378 :INFO :successful message is displayed
2025-05-02 10:51:24,367 :ERROR :Test felgeschlagen: Test failed
assert False == True
 +  where False = check_product_name('imac')
 +    where check_product_name = <pageObjects.shoppingCartPage.ShoppingCartPage object at 0x0000026343086630>.check_product_name
 +      where <pageObjects.shoppingCartPage.ShoppingCartPage object at 0x0000026343086630> = <testCases.test_addToCart.Test_002_addToCart testMethod=test_add_to_cart_from_product_display_1___username_gmail_de____admin__>.cart_page
2025-05-02 10:51:26,550 :ERROR :Error terminating service process.
Traceback (most recent call last):
  File "C:\Python-Selenium\QA-Automation-Learning\MySecondProject_Opencart\.venv\Lib\site-packages\selenium\webdriver\common\service.py", line 181, in _terminate_process
    self.process.terminate()
  File "C:\Program Files\Python312\Lib\subprocess.py", line 1671, in terminate
    _winapi.TerminateProcess(self._handle, 1)
OSError: [WinError 6] Das Handle ist ungültig
2025-05-02 10:53:07,633 :INFO :successful message is displayed
2025-05-02 10:54:19,424 :INFO :successful message is displayed
2025-05-02 10:54:57,999 :INFO :successful message is displayed
2025-05-02 10:54:58,777 :ERROR :Test felgeschlagen: Test failed
assert False == True
 +  where False = check_product_name('imac')
 +    where check_product_name = <pageObjects.shoppingCartPage.ShoppingCartPage object at 0x000001BCB2E67B30>.check_product_name
 +      where <pageObjects.shoppingCartPage.ShoppingCartPage object at 0x000001BCB2E67B30> = <testCases.test_addToCart.Test_002_addToCart testMethod=test_add_to_cart_from_product_display_1___username_gmail_de____admin__>.cart_page
2025-05-02 10:55:00,283 :ERROR :Error terminating service process.
Traceback (most recent call last):
  File "C:\Python-Selenium\QA-Automation-Learning\MySecondProject_Opencart\.venv\Lib\site-packages\selenium\webdriver\common\service.py", line 181, in _terminate_process
    self.process.terminate()
  File "C:\Program Files\Python312\Lib\subprocess.py", line 1671, in terminate
    _winapi.TerminateProcess(self._handle, 1)
OSError: [WinError 6] Das Handle ist ungültig
2025-05-02 10:55:51,419 :INFO :successful message is displayed
2025-05-02 10:55:52,444 :ERROR :Test felgeschlagen: Test failed
assert False == True
 +  where False = check_product_name('imac')
 +    where check_product_name = <pageObjects.shoppingCartPage.ShoppingCartPage object at 0x000001C0CAF6AE40>.check_product_name
 +      where <pageObjects.shoppingCartPage.ShoppingCartPage object at 0x000001C0CAF6AE40> = <testCases.test_addToCart.Test_002_addToCart testMethod=test_add_to_cart_from_product_display_1___username_gmail_de____admin__>.cart_page
2025-05-02 10:55:53,917 :ERROR :Error terminating service process.
Traceback (most recent call last):
  File "C:\Python-Selenium\QA-Automation-Learning\MySecondProject_Opencart\.venv\Lib\site-packages\selenium\webdriver\common\service.py", line 181, in _terminate_process
    self.process.terminate()
  File "C:\Program Files\Python312\Lib\subprocess.py", line 1671, in terminate
    _winapi.TerminateProcess(self._handle, 1)
OSError: [WinError 6] Das Handle ist ungültig
2025-05-02 10:56:48,462 :INFO :successful message is displayed
2025-05-02 10:56:49,340 :ERROR :Test felgeschlagen: Test failed
assert False == True
 +  where False = check_product_name('imac')
 +    where check_product_name = <pageObjects.shoppingCartPage.ShoppingCartPage object at 0x0000018941870380>.check_product_name
 +      where <pageObjects.shoppingCartPage.ShoppingCartPage object at 0x0000018941870380> = <testCases.test_addToCart.Test_002_addToCart testMethod=test_add_to_cart_from_product_display_1___username_gmail_de____admin__>.cart_page
2025-05-02 10:56:50,831 :ERROR :Error terminating service process.
Traceback (most recent call last):
  File "C:\Python-Selenium\QA-Automation-Learning\MySecondProject_Opencart\.venv\Lib\site-packages\selenium\webdriver\common\service.py", line 181, in _terminate_process
    self.process.terminate()
  File "C:\Program Files\Python312\Lib\subprocess.py", line 1671, in terminate
    _winapi.TerminateProcess(self._handle, 1)
OSError: [WinError 6] Das Handle ist ungültig
2025-05-02 10:57:57,547 :INFO :successful message is displayed
2025-05-02 10:57:58,201 :ERROR :Test felgeschlagen: Test failed
assert False == True
 +  where False = check_product_name('imac')
 +    where check_product_name = <pageObjects.shoppingCartPage.ShoppingCartPage object at 0x0000023FBC319190>.check_product_name
 +      where <pageObjects.shoppingCartPage.ShoppingCartPage object at 0x0000023FBC319190> = <testCases.test_addToCart.Test_002_addToCart testMethod=test_add_to_cart_from_product_display_1___username_gmail_de____admin__>.cart_page
2025-05-02 10:57:59,647 :ERROR :Error terminating service process.
Traceback (most recent call last):
  File "C:\Python-Selenium\QA-Automation-Learning\MySecondProject_Opencart\.venv\Lib\site-packages\selenium\webdriver\common\service.py", line 181, in _terminate_process
    self.process.terminate()
  File "C:\Program Files\Python312\Lib\subprocess.py", line 1671, in terminate
    _winapi.TerminateProcess(self._handle, 1)
OSError: [WinError 6] Das Handle ist ungültig
2025-05-02 11:01:25,667 :INFO :successful message is displayed
2025-05-02 11:01:26,346 :ERROR :Test felgeschlagen: Test failed
assert False == True
 +  where False = check_product_name('imac')
 +    where check_product_name = <pageObjects.shoppingCartPage.ShoppingCartPage object at 0x00000250C1E64F80>.check_product_name
 +      where <pageObjects.shoppingCartPage.ShoppingCartPage object at 0x00000250C1E64F80> = <testCases.test_addToCart.Test_002_addToCart testMethod=test_add_to_cart_from_product_display_1___username_gmail_de____admin__>.cart_page
2025-05-02 11:01:27,754 :ERROR :Error terminating service process.
Traceback (most recent call last):
  File "C:\Python-Selenium\QA-Automation-Learning\MySecondProject_Opencart\.venv\Lib\site-packages\selenium\webdriver\common\service.py", line 181, in _terminate_process
    self.process.terminate()
  File "C:\Program Files\Python312\Lib\subprocess.py", line 1671, in terminate
    _winapi.TerminateProcess(self._handle, 1)
OSError: [WinError 6] Das Handle ist ungültig
2025-05-02 11:04:41,987 :INFO :successful message is displayed
2025-05-02 11:04:42,737 :ERROR :Test felgeschlagen: Test failed
assert False == True
 +  where False = check_product_name('imac')
 +    where check_product_name = <pageObjects.shoppingCartPage.ShoppingCartPage object at 0x000001B1E02367B0>.check_product_name
 +      where <pageObjects.shoppingCartPage.ShoppingCartPage object at 0x000001B1E02367B0> = <testCases.test_addToCart.Test_002_addToCart testMethod=test_add_to_cart_from_product_display_1___username_gmail_de____admin__>.cart_page
2025-05-02 11:04:44,507 :ERROR :Error terminating service process.
Traceback (most recent call last):
  File "C:\Python-Selenium\QA-Automation-Learning\MySecondProject_Opencart\.venv\Lib\site-packages\selenium\webdriver\common\service.py", line 181, in _terminate_process
    self.process.terminate()
  File "C:\Program Files\Python312\Lib\subprocess.py", line 1671, in terminate
    _winapi.TerminateProcess(self._handle, 1)
OSError: [WinError 6] Das Handle ist ungültig
2025-05-02 11:05:51,087 :INFO :successful message is displayed
2025-05-02 11:06:02,383 :ERROR :Test felgeschlagen: Test failed
assert False == True
 +  where False = check_product_name('imac')
 +    where check_product_name = <pageObjects.shoppingCartPage.ShoppingCartPage object at 0x000002A3843F5220>.check_product_name
 +      where <pageObjects.shoppingCartPage.ShoppingCartPage object at 0x000002A3843F5220> = <testCases.test_addToCart.Test_002_addToCart testMethod=test_add_to_cart_from_product_display_1___username_gmail_de____admin__>.cart_page
2025-05-02 11:07:58,639 :INFO :successful message is displayed
2025-05-02 11:08:09,199 :ERROR :Test felgeschlagen: Test failed
assert False == True
 +  where False = check_product_name('imac')
 +    where check_product_name = <pageObjects.shoppingCartPage.ShoppingCartPage object at 0x0000020BEF537B30>.check_product_name
 +      where <pageObjects.shoppingCartPage.ShoppingCartPage object at 0x0000020BEF537B30> = <testCases.test_addToCart.Test_002_addToCart testMethod=test_add_to_cart_from_product_display_1___username_gmail_de____admin__>.cart_page
2025-05-02 11:08:10,659 :ERROR :Error terminating service process.
Traceback (most recent call last):
  File "C:\Python-Selenium\QA-Automation-Learning\MySecondProject_Opencart\.venv\Lib\site-packages\selenium\webdriver\common\service.py", line 181, in _terminate_process
    self.process.terminate()
  File "C:\Program Files\Python312\Lib\subprocess.py", line 1671, in terminate
    _winapi.TerminateProcess(self._handle, 1)
OSError: [WinError 6] Das Handle ist ungültig
2025-05-02 11:10:00,164 :INFO :successful message is displayed
2025-05-02 11:10:10,929 :ERROR :Test felgeschlagen: Test failed
assert False == True
 +  where False = check_product_name('imac')
 +    where check_product_name = <pageObjects.shoppingCartPage.ShoppingCartPage object at 0x000002CAD07378F0>.check_product_name
 +      where <pageObjects.shoppingCartPage.ShoppingCartPage object at 0x000002CAD07378F0> = <testCases.test_addToCart.Test_002_addToCart testMethod=test_add_to_cart_from_product_display_1___username_gmail_de____admin__>.cart_page
2025-05-02 11:10:12,381 :ERROR :Error terminating service process.
Traceback (most recent call last):
  File "C:\Python-Selenium\QA-Automation-Learning\MySecondProject_Opencart\.venv\Lib\site-packages\selenium\webdriver\common\service.py", line 181, in _terminate_process
    self.process.terminate()
  File "C:\Program Files\Python312\Lib\subprocess.py", line 1671, in terminate
    _winapi.TerminateProcess(self._handle, 1)
OSError: [WinError 6] Das Handle ist ungültig
2025-05-02 11:11:04,574 :INFO :successful message is displayed
2025-05-02 11:11:15,899 :INFO :The product is successfully added
2025-05-02 11:59:00,526 :INFO :successful message is displayed
2025-05-02 11:59:11,653 :INFO :The product is successfully added
2025-05-02 12:01:47,085 :INFO :successful message is displayed
2025-05-02 12:01:49,409 :INFO :The product is successfully added
2025-05-02 12:02:42,088 :INFO :successful message is displayed
2025-05-02 12:02:42,876 :INFO :The product is successfully added
2025-05-02 12:03:43,876 :INFO :successful message is displayed
2025-05-02 12:03:44,770 :INFO :The product is successfully added
2025-05-02 12:03:56,518 :INFO :successful message is displayed
2025-05-02 12:04:07,372 :INFO :The product is successfully added
2025-05-02 14:41:12,673 :ERROR :Error terminating service process.
Traceback (most recent call last):
  File "C:\Python-Selenium\QA-Automation-Learning\MySecondProject_Opencart\.venv\Lib\site-packages\selenium\webdriver\common\service.py", line 181, in _terminate_process
    self.process.terminate()
  File "C:\Program Files\Python312\Lib\subprocess.py", line 1671, in terminate
    _winapi.TerminateProcess(self._handle, 1)
OSError: [WinError 6] Das Handle ist ungültig
2025-05-02 14:41:37,322 :ERROR :Error terminating service process.
Traceback (most recent call last):
  File "C:\Python-Selenium\QA-Automation-Learning\MySecondProject_Opencart\.venv\Lib\site-packages\selenium\webdriver\common\service.py", line 181, in _terminate_process
    self.process.terminate()
  File "C:\Program Files\Python312\Lib\subprocess.py", line 1671, in terminate
    _winapi.TerminateProcess(self._handle, 1)
OSError: [WinError 6] Das Handle ist ungültig
2025-05-02 14:42:45,567 :ERROR :Error terminating service process.
Traceback (most recent call last):
  File "C:\Python-Selenium\QA-Automation-Learning\MySecondProject_Opencart\.venv\Lib\site-packages\selenium\webdriver\common\service.py", line 181, in _terminate_process
    self.process.terminate()
  File "C:\Program Files\Python312\Lib\subprocess.py", line 1671, in terminate
    _winapi.TerminateProcess(self._handle, 1)
OSError: [WinError 6] Das Handle ist ungültig
2025-05-02 14:54:17,388 :INFO :Move hover to Desktops
2025-05-02 14:54:17,388 :INFO :Move hover to Desktops
2025-05-02 15:16:21,653 :INFO :Move hover to Desktops
2025-05-02 15:16:21,653 :INFO :Move hover to Desktops
2025-05-02 15:37:58,771 :INFO :Move hover to Desktops
2025-05-02 15:37:58,771 :INFO :Move hover to Desktops
2025-05-02 15:39:05,901 :INFO :Move hover to Desktops
2025-05-02 15:39:05,901 :INFO :Move hover to Desktops
2025-05-02 15:45:36,450 :INFO :Move hover to Desktops
2025-05-02 15:45:36,450 :INFO :Move hover to Desktops
2025-05-02 15:46:51,734 :INFO :Move hover to Desktops
2025-05-02 15:46:51,734 :INFO :Move hover to Desktops
2025-05-02 15:51:51,268 :INFO :Move hover to Desktops
2025-05-02 15:51:51,268 :INFO :Move hover to Desktops
2025-05-02 15:54:43,190 :INFO :Move hover to Desktops
2025-05-02 15:54:43,190 :INFO :Move hover to Desktops
2025-05-02 15:58:06,842 :INFO :Move hover to Desktops
2025-05-02 15:58:06,842 :INFO :Move hover to Desktops
2025-05-02 15:59:23,415 :INFO :Move hover to Desktops
2025-05-02 15:59:23,415 :INFO :Move hover to Desktops
2025-05-02 16:00:15,373 :INFO :Move hover to Desktops
2025-05-02 16:00:15,373 :INFO :Move hover to Desktops
2025-05-02 16:01:08,971 :INFO :Move hover to Desktops
2025-05-02 16:01:08,971 :INFO :Move hover to Desktops
2025-05-02 16:02:13,541 :INFO :Move hover to Desktops
2025-05-02 16:02:13,541 :INFO :Move hover to Desktops
2025-05-02 16:16:45,261 :INFO :Move hover to Desktops
2025-05-02 16:16:45,261 :INFO :Move hover to Desktops
2025-05-02 16:17:23,470 :INFO :Move hover to Desktops
2025-05-02 16:17:23,470 :INFO :Move hover to Desktops
2025-05-02 16:17:34,466 :ERROR :Error terminating service process.
Traceback (most recent call last):
  File "C:\Python-Selenium\QA-Automation-Learning\MySecondProject_Opencart\.venv\Lib\site-packages\selenium\webdriver\common\service.py", line 181, in _terminate_process
    self.process.terminate()
  File "C:\Program Files\Python312\Lib\subprocess.py", line 1671, in terminate
    _winapi.TerminateProcess(self._handle, 1)
OSError: [WinError 6] Das Handle ist ungültig
2025-05-02 16:17:34,466 :ERROR :Error terminating service process.
Traceback (most recent call last):
  File "C:\Python-Selenium\QA-Automation-Learning\MySecondProject_Opencart\.venv\Lib\site-packages\selenium\webdriver\common\service.py", line 181, in _terminate_process
    self.process.terminate()
  File "C:\Program Files\Python312\Lib\subprocess.py", line 1671, in terminate
    _winapi.TerminateProcess(self._handle, 1)
OSError: [WinError 6] Das Handle ist ungültig
2025-05-02 16:17:50,212 :INFO :Move hover to Desktops
2025-05-02 16:17:50,212 :INFO :Move hover to Desktops
2025-05-02 16:18:00,984 :ERROR :Error terminating service process.
Traceback (most recent call last):
  File "C:\Python-Selenium\QA-Automation-Learning\MySecondProject_Opencart\.venv\Lib\site-packages\selenium\webdriver\common\service.py", line 181, in _terminate_process
    self.process.terminate()
  File "C:\Program Files\Python312\Lib\subprocess.py", line 1671, in terminate
    _winapi.TerminateProcess(self._handle, 1)
OSError: [WinError 6] Das Handle ist ungültig
2025-05-02 16:18:00,984 :ERROR :Error terminating service process.
Traceback (most recent call last):
  File "C:\Python-Selenium\QA-Automation-Learning\MySecondProject_Opencart\.venv\Lib\site-packages\selenium\webdriver\common\service.py", line 181, in _terminate_process
    self.process.terminate()
  File "C:\Program Files\Python312\Lib\subprocess.py", line 1671, in terminate
    _winapi.TerminateProcess(self._handle, 1)
OSError: [WinError 6] Das Handle ist ungültig
2025-05-14 10:34:59,158 :INFO :User logged successfully in by using login at the right-hand-menu
2025-05-14 10:34:59,158 :INFO :User logged successfully in by using login at the right-hand-menu
2025-05-14 10:35:14,414 :INFO :User logged successfully in by using login at the right-hand-menu
2025-05-14 10:35:14,414 :INFO :User logged successfully in by using login at the right-hand-menu
2025-05-14 10:35:43,721 :INFO :User logged successfully in by using login at the right-hand-menu
2025-05-14 10:35:43,721 :INFO :User logged successfully in by using login at the right-hand-menu
2025-05-14 10:36:30,538 :INFO :User logged successfully in by using login at the right-hand-menu
2025-05-14 10:36:30,538 :INFO :User logged successfully in by using login at the right-hand-menu
2025-05-14 10:38:17,747 :INFO :User logged successfully in by using login at the right-hand-menu
2025-05-14 10:38:17,747 :INFO :User logged successfully in by using login at the right-hand-menu
2025-05-14 10:39:23,529 :INFO :User logged successfully in by using login at the right-hand-menu
2025-05-14 10:39:23,529 :INFO :User logged successfully in by using login at the right-hand-menu
2025-05-14 10:41:14,025 :ERROR :Login wasn't successfull: Test failed: User wasn't logged in, the title is wrong
assert 'Account Login' == 'My Account'
  
  - My Account
  + Account Login. Actual Title: Account Login
2025-05-14 10:41:14,025 :ERROR :Login wasn't successfull: Test failed: User wasn't logged in, the title is wrong
assert 'Account Login' == 'My Account'
  
  - My Account
  + Account Login. Actual Title: Account Login
2025-05-14 10:42:19,047 :ERROR :Login wasn't successfull: Test failed: User wasn't logged in, the title is wrong
assert 'Account Login' == 'My Account'
  
  - My Account
  + Account Login. Actual Title: Account Login
2025-05-14 10:42:19,047 :ERROR :Login wasn't successfull: Test failed: User wasn't logged in, the title is wrong
assert 'Account Login' == 'My Account'
  
  - My Account
  + Account Login. Actual Title: Account Login
2025-05-14 10:47:08,595 :ERROR :Login wasn't successfull: Test failed: User wasn't logged in, the title is wrong
assert 'Account Login' == 'My Account'
  
  - My Account
  + Account Login. Actual Title: Account Login
2025-05-14 10:47:08,595 :ERROR :Login wasn't successfull: Test failed: User wasn't logged in, the title is wrong
assert 'Account Login' == 'My Account'
  
  - My Account
  + Account Login. Actual Title: Account Login
2025-05-14 10:48:43,770 :ERROR :Login wasn't successfull: Test failed: User wasn't logged in, the title is wrong
assert 'Account Login' == 'My Account'
  
  - My Account
  + Account Login. Actual Title: Account Login
2025-05-14 11:14:56,090 :ERROR :Login wasn't successfull: Test failed: User wasn't logged in, the title is wrong
assert ('Account Login' == 'My Account'
  
  - My Account
  + Account Login). Actual Title: Account Login
2025-05-14 11:16:41,723 :ERROR :Login wasn't successfull: Test failed: User wasn't logged in, the title is wrong
assert ('Account Login' == 'My Account'
  
  - My Account
  + Account Login). Actual Title: Account Login
2025-05-14 11:19:11,248 :ERROR :Login wasn't successfully: Test failed: User wasn't logged in, the title is wrong
assert ('Account Login' == 'My Account'
  
  - My Account
  + Account Login). Actual Title: Account Login
2025-05-14 11:19:43,097 :ERROR :Login wasn't successfully: Test failed: User wasn't logged in, the title is wrong
assert ('Account Login' == 'My Account'
  
  - My Account
  + Account Login). Actual Title: Account Login
2025-05-14 12:51:55,944 :INFO :User logged successfully in by using login at the right-hand-menu
2025-05-14 12:52:25,020 :ERROR :Login via right hand menu wasn't successfully: Test failed: User wasn't logged in, the title is wrong
assert 'Account Login' == 'My Account'
  
  - My Account
  + Account Login. Actual Title: Account Login
2025-05-14 13:31:57,715 :INFO :User logged successfully in by using login at the right-hand-menu
2025-05-19 12:39:58,493 :INFO :User logged successfully in by using login at the right-hand-menu
2025-05-19 12:41:08,525 :ERROR :Login via right hand menu wasn't successfully: Test failed: User wasn't logged in, the title is wrong
assert 'Account Login' == 'My Account'
  
  - My Account
  + Account Login. Actual Title: Account Login
2025-05-19 22:39:12,655 :INFO :Starting login Test
2025-05-19 22:39:19,199 :INFO :Login successful
2025-05-19 22:39:25,798 :INFO :Starting login Test
2025-05-19 22:39:26,853 :INFO :Login successful
2025-05-19 22:39:41,304 :INFO :Starting login Test
2025-05-19 22:39:42,759 :INFO :Login successful
2025-05-19 22:39:49,193 :INFO :Starting login Test
2025-05-19 22:39:50,334 :INFO :Login successful
2025-05-19 22:39:56,676 :INFO :Starting login Test
2025-05-19 22:39:57,708 :INFO :Login successful
2025-05-19 22:41:24,991 :INFO :Starting login Test
2025-05-19 22:41:31,573 :ERROR :Login Test: Login failed!
assert ('"False"' == 'False'
  
  - False
  + "False"
  ? +     +)
2025-05-19 22:41:36,065 :INFO :Starting login Test
2025-05-19 22:41:37,125 :ERROR :Login Test: Login failed!
assert ('"True"' == 'True'
  
  - True
  + "True"
  ? +    +)
2025-05-19 22:41:44,509 :INFO :Starting login Test
2025-05-19 22:41:45,939 :ERROR :Login Test: Login failed!
assert ('"True"' == 'True'
  
  - True
  + "True"
  ? +    +)
2025-05-19 22:41:55,507 :INFO :Starting login Test
2025-05-19 22:41:56,561 :ERROR :Login Test: Login failed!
assert ('"True"' == 'True'
  
  - True
  + "True"
  ? +    +)
2025-05-19 22:42:02,557 :INFO :Starting login Test
2025-05-19 22:42:03,744 :ERROR :Login Test: Login failed!
assert ('"True"' == 'True'
  
  - True
  + "True"
  ? +    +)
2025-05-19 23:00:33,472 :INFO :Starting login Test
2025-05-19 23:00:40,067 :INFO :Login successful - Email: username@gmail.de, Expected Title: 'My Account'
2025-05-19 23:00:46,472 :INFO :Starting login Test
2025-05-19 23:00:47,441 :INFO :Login successful - Email: username123@gmail.de, Expected Title: 'Account Login'
2025-05-19 23:01:02,128 :INFO :Starting login Test
2025-05-19 23:01:03,382 :INFO :Login successful - Email: username123@gmail.de, Expected Title: 'Account Login'
2025-05-19 23:01:09,585 :INFO :Starting login Test
2025-05-19 23:01:10,640 :INFO :Login successful - Email: username@gmail.de, Expected Title: 'Account Login'
2025-05-19 23:01:16,779 :INFO :Starting login Test
2025-05-19 23:01:17,655 :INFO :Login successful - Email:  , Expected Title: 'Account Login'
2025-05-19 23:06:08,690 :INFO :Starting login Test
2025-05-19 23:06:15,264 :INFO :Login successful - Email: username@gmail.de, Expected Title: 'My Account'
2025-05-19 23:06:21,434 :INFO :Starting login Test
2025-05-19 23:06:22,483 :INFO :Login successful - Email: username123@gmail.de, Expected Title: 'Account Login'
2025-05-19 23:06:28,557 :INFO :Starting login Test
2025-05-19 23:06:29,573 :INFO :Login successful - Email: username123@gmail.de, Expected Title: 'Account Login'
2025-05-19 23:06:35,836 :INFO :Starting login Test
2025-05-19 23:06:36,970 :INFO :Login successful - Email: username@gmail.de, Expected Title: 'Account Login'
2025-05-19 23:06:43,207 :INFO :Starting login Test
2025-05-19 23:06:44,153 :INFO :Login successful - Email:  , Expected Title: 'Account Login'
2025-05-19 23:07:18,446 :INFO :Starting login Test
2025-05-19 23:07:24,933 :ERROR :Test failed: Login failed!
  Expected error: False, but got: False
  Expected title: 'My Account', but got: 'Account Login'
assert ('False' == 'False'
  
    False and 'Account Login' == 'My Account'
  
  - My Account
  + Account Login)
2025-05-19 23:07:29,057 :INFO :Starting login Test
2025-05-19 23:07:30,066 :INFO :Login successful - Email: username123@gmail.de, Expected Title: 'Account Login'
2025-05-19 23:07:36,741 :INFO :Starting login Test
2025-05-19 23:07:37,851 :INFO :Login successful - Email: username123@gmail.de, Expected Title: 'Account Login'
2025-05-19 23:07:45,573 :INFO :Starting login Test
2025-05-19 23:07:46,753 :INFO :Login successful - Email: username@gmail.de, Expected Title: 'Account Login'
2025-05-19 23:07:53,481 :INFO :Starting login Test
2025-05-19 23:07:54,408 :INFO :Login successful - Email:  , Expected Title: 'Account Login'
2025-05-19 23:15:14,175 :INFO :Starting login Test
2025-05-19 23:15:20,581 :ERROR :Test failed: Login failed!
  Expected error: False, but got: False
  Expected title: 'My Account', but got: 'Account Login'
assert ('False' == 'False'
  
    False and 'Account Login' == 'My Account'
  
  - My Account
  + Account Login)
2025-05-19 23:15:25,637 :INFO :Starting login Test
2025-05-19 23:15:27,130 :INFO :Login successful - Email: username123@gmail.de, Expected Title: 'Account Login'
2025-05-19 23:15:37,536 :INFO :Starting login Test
2025-05-19 23:15:38,703 :INFO :Login successful - Email: username123@gmail.de, Expected Title: 'Account Login'
2025-05-19 23:15:45,390 :INFO :Starting login Test
2025-05-19 23:15:46,534 :INFO :Login successful - Email: username@gmail.de, Expected Title: 'Account Login'
2025-05-19 23:15:52,772 :INFO :Starting login Test
2025-05-19 23:15:53,735 :INFO :Login successful - Email:  , Expected Title: 'Account Login'
2025-05-19 23:19:32,565 :INFO :Starting login Test
2025-05-19 23:19:39,515 :INFO :Login successful - Email: username@gmail.de, Expected Title: 'My Account'
2025-05-19 23:19:45,922 :INFO :Starting login Test
2025-05-19 23:19:46,929 :INFO :Login successful - Email: username123@gmail.de, Expected Title: 'Account Login'
2025-05-19 23:19:53,201 :INFO :Starting login Test
2025-05-19 23:19:54,476 :INFO :Login successful - Email: username123@gmail.de, Expected Title: 'Account Login'
2025-05-19 23:20:00,786 :INFO :Starting login Test
2025-05-19 23:20:01,850 :INFO :Login successful - Email: username@gmail.de, Expected Title: 'Account Login'
2025-05-19 23:20:08,105 :INFO :Starting login Test
2025-05-19 23:20:09,174 :INFO :Login successful - Email:  , Expected Title: 'Account Login'
2025-05-19 23:36:49,563 :INFO :Forgotten password text is displayed.
2025-05-19 23:37:29,716 :INFO :Forgotten password text is displayed correctly.
2025-05-19 23:39:17,148 :ERROR :Error Details: Test failed: Expected forgotten password text to be present, but it was not found
  Expected: True, Actual: False
  
assert False is True
2025-05-19 23:40:09,237 :ERROR :Error Details: Test failed: Expected forgotten password text to be present, but it was not found
  Expected: True, Actual: False
  
assert False is True
2025-05-20 11:10:26,725 :INFO :Starting the Login and Logout test execution
2025-05-20 11:10:31,294 :INFO :Login successful - User redirected to 'My Account'
2025-05-20 11:12:05,977 :INFO :Logout was successful as expected. Actual title: Account Login.
2025-05-20 11:16:59,883 :INFO :Starting the Login and Logout test execution
2025-05-20 11:17:01,500 :ERROR :Login test was not successful!The login/logout test cannot be proceeded.
Error details: Login failed!
  Expected page title: 'My Account', but got: 'Account Login'
assert 'Account Login' == 'My Account'
  
  - My Account
  + Account Login 
2025-05-20 11:35:18,511 :INFO :Starting 
2025-05-20 11:35:18,618 :INFO :Placeholder text is correctly displayed in both email and password fields.
2025-05-20 11:39:07,626 :INFO :Navigated to login page
2025-05-20 11:39:07,627 :INFO :Starting the placeholder check test process 
2025-05-20 11:39:07,753 :ERROR :Placeholder text validation failed!
Error details: Test failed: Placeholder text is missing in one or both fields.
  Expected placeholders to be present in both fields.
  Email field detected: False, Password field detected: True
  
assert (False == True)
2025-05-20 11:46:13,422 :INFO :Navigated to login page
2025-05-20 11:46:13,422 :INFO :Starting the placeholder check test process 
2025-05-20 11:46:13,517 :ERROR :Placeholder text validation failed!
Error details: Test failed: Placeholder text is missing in one or both fields.
  Expected placeholders to be present in both fields.
  Email field detected: False, Password field detected: True
  
assert (False == True)
2025-05-20 11:56:32,926 :INFO :Navigated to login page
2025-05-20 11:56:32,928 :INFO :Starting the placeholder check test process 
2025-05-20 11:56:33,063 :ERROR :Placeholder text validation failed!
Error details: Test failed: Placeholder text is missing in one or both fields.
  Expected placeholders to be present in both fields.
  Expected: Email field Boolean value (True), but got: FalseExpected: Password field Boolean value (True), but got: True
assert (False == True)
2025-05-20 11:58:19,687 :INFO :Navigated to login page
2025-05-20 11:58:19,687 :INFO :Starting the placeholder check test process 
2025-05-20 11:58:19,843 :ERROR :Placeholder text validation failed!
Error details: Test failed: Placeholder text is missing in one or both fields.
  Expected placeholders to be present in both fields.
  Expected: Email field Boolean value (True), but got: False
  Expected: Password field Boolean value (True), but got: True
assert (False == True)

2025-05-20 12:03:18,546 :INFO :Navigated to login page
2025-05-20 12:03:18,549 :INFO :Starting password visibility check test execution
2025-05-20 12:03:18,599 :ERROR :Password visibility test failed!
Error details: Test failed: Password field is not hidden.
  Expected: Hidden (True), but got: False
assert False == True
2025-05-20 12:04:12,268 :INFO :Navigated to login page
2025-05-20 12:04:12,268 :INFO :Starting password visibility check test execution
2025-05-20 12:04:12,309 :ERROR :Password visibility test failed!
Error details: Test failed: Password field is not hidden.
  Expected: Hidden (True), but got: False
assert False == True
2025-05-20 12:05:08,975 :INFO :Navigated to login page
2025-05-20 12:05:08,976 :INFO :Starting password visibility check test execution
2025-05-20 12:05:09,038 :INFO :Password field is correctly masked.
2025-05-20 12:56:09,407 :INFO :Starting the Login and Logout test execution
2025-05-20 12:56:11,165 :ERROR :Login test was not successful!The login/logout test cannot be proceeded.
Error details: Login failed!
  Expected page title: 'My Account', but got: 'Account Login'
assert 'Account Login' == 'My Account'
  
  - My Account
  + Account Login 
2025-05-20 13:05:56,948 :INFO :Starting the Login and Logout test execution
2025-05-20 13:05:58,821 :ERROR :Login test was not successful!The login/logout test cannot be proceeded.
Error details: Login failed!
  Expected page title: 'My Account', but got: 'Account Login'
assert 'Account Login' == 'My Account'
  
  - My Account
  + Account Login 
2025-05-21 10:52:12,250 :INFO :Starting the change password test after login.
2025-05-21 10:52:13,708 :INFO :Login successful - User redirected to 'My Account'
2025-05-21 10:55:33,656 :INFO :Starting the change password test after login.
2025-05-21 10:55:34,598 :ERROR :Login test was not successful!The change password after login test cannot be proceeded.
Error details: Login failed!
  Expected page title: 'My Account', but got: 'Account Login'
assert 'Account Login' == 'My Account'
  
  - My Account
  + Account Login 
2025-05-21 10:56:08,461 :INFO :Starting the change password test after login.
2025-05-21 10:56:09,710 :INFO :Login successful - User redirected to 'My Account'
2025-05-21 10:57:28,992 :INFO :Starting the change password test after login.
2025-05-21 10:57:30,343 :INFO :Login successful - User redirected to 'My Account'
2025-05-21 11:20:03,458 :INFO :Starting the change password test after login.
2025-05-21 11:20:05,139 :INFO :Login successful - User redirected to 'My Account'
2025-05-21 11:20:39,679 :INFO :Starting the change password test after login.
2025-05-21 11:20:40,632 :ERROR :Login test was not successful!The change password after login test cannot be proceeded.
Error details: Login failed!
  Expected page title: 'My Account', but got: 'Account Login'
assert 'Account Login' == 'My Account'
  
  - My Account
  + Account Login 
2025-05-21 11:21:04,450 :INFO :Starting the change password test after login.
2025-05-21 11:21:05,726 :INFO :Login successful - User redirected to 'My Account'
2025-05-21 11:55:49,940 :INFO :Starting the change password test after login.
2025-05-21 11:55:51,303 :INFO :Login successful - User redirected to 'My Account'
2025-05-21 11:55:53,111 :ERROR :Error details: Password was not successful updated, check password again
  Expected title is: 'My Account', Actual title is: 'My Account'
  
assert ('My Account' == 'My Account'
  
    My Account and 'Success: Your password has been successfully updated.' in 'Success: Your password has been successfully updated')
 +  where 'Success: Your password has been successfully updated.' = getSuccessMessagePasswordUpdate()
 +    where getSuccessMessagePasswordUpdate = <pageObjects.myAccountPage.MyAccountPage object at 0x0000021CED1AFA10>.getSuccessMessagePasswordUpdate
 +      where <pageObjects.myAccountPage.MyAccountPage object at 0x0000021CED1AFA10> = <testCases.test_login.Test_001_login testMethod=test_change_password_after_login_1___username_gmail_de____admin1__>.my_account 
2025-05-21 12:03:09,339 :INFO :Starting the change password test after login.
2025-05-21 12:03:10,872 :INFO :Login successful - User redirected to 'My Account'
2025-05-21 12:03:12,909 :INFO :Password change successful
2025-05-21 12:03:20,347 :ERROR :Login test was not successful!Your password is wrong, please enter your new password.
Error details: Login failed!
  Expected page title: 'My Account', but got: 'Account Login'
assert 'Account Login' == 'My Account'
  
  - My Account
  + Account Login 
2025-05-21 12:15:31,073 :INFO :Starting the change password test after login.
2025-05-21 12:15:32,476 :INFO :Login successful - User redirected to 'My Account'
2025-05-21 12:15:34,357 :INFO :Password change successful
2025-05-21 12:15:41,328 :ERROR :Login test was not successful!Your password is wrong, please enter your new password.
Error details: Login failed!
  Expected page title: 'My Account', but got: 'Account Login'
assert 'Account Login' == 'My Account'
  
  - My Account
  + Account Login 
2025-05-21 12:33:05,099 :INFO :Starting the change password test after login.
2025-05-21 12:33:08,170 :INFO :Login successful - User redirected to 'My Account'
2025-05-21 12:33:09,872 :INFO :Password change successful
2025-05-21 12:33:13,205 :ERROR :Login test was not successful!Your password is wrong, please enter your new password.
Error details: Login failed!
  Expected page title: 'My Account', but got: 'Account Login'
assert 'Account Login' == 'My Account'
  
  - My Account
  + Account Login 
2025-05-21 12:42:08,232 :INFO :Starting the change password test after login.
2025-05-21 12:42:08,958 :ERROR :Login test was not successful!The change password after login test cannot be proceeded.
Error details: Login failed!
  Expected page title: 'My Account', but got: 'Account Login'
assert 'Account Login' == 'My Account'
  
  - My Account
  + Account Login 
2025-05-21 12:43:05,300 :INFO :Starting the change password test after login.
2025-05-21 12:43:05,935 :ERROR :Login test was not successful!The change password after login test cannot be proceeded.
Error details: Login failed!
  Expected page title: 'My Account', but got: 'Account Login'
assert 'Account Login' == 'My Account'
  
  - My Account
  + Account Login 
2025-05-21 12:43:32,267 :INFO :Starting the change password test after login.
2025-05-21 12:43:33,519 :INFO :Login successful - User redirected to 'My Account'
2025-05-21 12:43:35,310 :INFO :Password change was successful. User is on 'My Account' page.
2025-05-21 12:43:35,310 :INFO :Proceeding with logout and login verification after password change.
2025-05-21 12:43:37,887 :ERROR :Login test was not successful!Your password is wrong, please enter your new password.
Error details: Login failed!
  Expected page title: 'My Account', but got: 'Account Login'
assert 'Account Login' == 'My Account'
  
  - My Account
  + Account Login 
2025-05-24 14:09:29,944 :INFO :Starting the change password test after login.
2025-05-24 14:09:30,723 :ERROR :Login test was not successful!The change password after login test cannot be proceeded.
Error details: Login failed!
  Expected page title: 'My Account', but got: 'Account Login'
assert 'Account Login' == 'My Account'
  
  - My Account
  + Account Login 
2025-05-24 14:10:30,656 :INFO :Starting the change password test after login.
2025-05-24 14:10:31,713 :ERROR :Login test was not successful!The change password after login test cannot be proceeded.
Error details: Login failed!
  Expected page title: 'My Account', but got: 'Account Login'
assert 'Account Login' == 'My Account'
  
  - My Account
  + Account Login 
2025-05-24 14:13:04,435 :INFO :Starting the change password test after login.
2025-05-24 14:13:05,699 :INFO :Login successful - User redirected to 'My Account'
2025-05-24 14:13:08,297 :INFO :Password change was successful. User is on 'My Account' page.
2025-05-24 14:13:08,298 :INFO :Proceeding with logout and login verification after password change.
2025-05-24 14:13:12,166 :ERROR :Login attempt was unsuccessful! Incorrect password entered.
Please enter your new password to proceed.
Error details: Login failed!
  Expected page title: 'My Account', but got: 'Account Login'
assert 'Account Login' == 'My Account'
  
  - My Account
  + Account Login
2025-05-24 15:06:41,688 :INFO :Starting negative test for password change after login.
2025-05-24 15:06:43,345 :INFO :Login successful - User redirected to 'My Account'
2025-05-24 15:06:45,016 :INFO :Test passed: Password mismatch correctly detected - Error message: 'Password confirmation does not match password!'.
2025-05-24 15:12:00,429 :INFO :Starting the change password test after login.
2025-05-24 15:12:01,749 :INFO :Login successful - User redirected to 'My Account'
2025-05-24 15:12:03,345 :INFO :Password change was successful. User is on 'My Account' page.
2025-05-24 15:12:03,345 :INFO :Proceeding with logout and login verification after password change.
2025-05-24 15:12:07,595 :ERROR :Login attempt was unsuccessful! Incorrect password entered.
Please enter your new password to proceed.
Error details: Login failed!
  Expected page title: 'My Account', but got: 'Account Login'
assert 'Account Login' == 'My Account'
  
  - My Account
  + Account Login
2025-05-24 15:46:12,864 :INFO :Starting the change password test after login.
2025-05-24 15:46:14,251 :ERROR :Login test was not successful!The change password after login test cannot be proceeded.
Error details: Login failed!
  Expected page title: 'My Account', but got: 'Account Login'
assert 'Account Login' == 'My Account'
  
  - My Account
  + Account Login 
2025-05-24 15:53:45,234 :INFO :Starting the change password test after login.
2025-05-24 15:53:47,073 :ERROR :Login test was not successful!The change password after login test cannot be proceeded.
Error details: Login failed!
  Expected page title: 'My Account', but got: 'Account Login'
assert 'Account Login' == 'My Account'
  
  - My Account
  + Account Login 
2025-05-24 15:54:30,182 :INFO :Starting the change password test after login.
2025-05-24 15:54:32,423 :INFO :Login successful - User redirected to 'My Account'
2025-05-24 15:54:35,487 :INFO :Password change was successful. User is on 'My Account' page.
2025-05-24 15:54:35,487 :INFO :Proceeding with logout and re-login verification after password change.
2025-05-24 15:54:38,110 :INFO :Test passed: Login unsuccessful as expected - User was not redirected to 'My Account'.
2025-05-26 12:21:28,549 :INFO :Starting test: Add product to cart from product display.
2025-05-26 12:21:29,101 :INFO :Searching for 'iMac'.
2025-05-26 12:21:30,273 :INFO :Navigating to iMac product detail page.
2025-05-26 12:21:30,455 :INFO :Attempting to add 'iMac' to shopping cart.
2025-05-26 12:21:31,028 :INFO :Success message displayed correctly after adding the product.
2025-05-26 12:21:31,558 :INFO :Navigating to shopping cart to verify product presence.
2025-05-26 12:21:36,591 :INFO :Product verification successful - 'iMac' is in the shopping cart.
2025-05-26 12:21:36,795 :INFO :Test execution completed - Browser closed.
2025-05-26 12:22:47,650 :INFO :Starting test: Add product to cart from product display.
2025-05-26 12:22:47,993 :INFO :Searching for 'iMac'.
2025-05-26 12:22:49,137 :INFO :Navigating to iMac product detail page.
2025-05-26 12:22:49,305 :INFO :Attempting to add 'iMac' to shopping cart.
2025-05-26 12:26:21,552 :INFO :Starting test: Add product to cart from product display.
2025-05-26 12:26:21,924 :INFO :Searching for 'iMac'.
2025-05-26 12:26:23,473 :INFO :Navigating to iMac product detail page.
2025-05-26 12:26:23,769 :INFO :Attempting to add 'iMac' to shopping cart.
2025-05-26 12:30:28,280 :INFO :Starting test: Add product to cart from product display.
2025-05-26 12:30:28,579 :INFO :Searching for 'iMac'.
2025-05-26 12:30:30,523 :INFO :Navigating to iMac product detail page.
2025-05-26 12:30:30,678 :INFO :Attempting to add 'iMac' to shopping cart.
2025-05-26 12:37:34,722 :INFO :Starting test: Add product to cart from product display.
2025-05-26 12:37:35,201 :INFO :Searching for 'iMac'.
2025-05-26 12:37:36,349 :INFO :Navigating to iMac product detail page.
2025-05-26 12:37:36,489 :INFO :Attempting to add 'iMac' to shopping cart.
2025-05-26 12:40:48,270 :INFO :Starting test: Add product to cart from product display.
2025-05-26 12:40:48,584 :INFO :Searching for 'iMac'.
2025-05-26 12:40:49,739 :INFO :Navigating to iMac product detail page.
2025-05-26 12:40:49,878 :INFO :Attempting to add 'iMac' to shopping cart.
2025-05-26 12:42:09,856 :INFO :Starting the change password test after login.
2025-05-26 12:42:10,940 :ERROR :Login test was not successful!The change password after login test cannot be proceeded.
Error details: Login failed!
  Expected page title: 'My Account', but got: 'Account Login'
assert 'Account Login' == 'My Account'
  
  - My Account
  + Account Login 
2025-05-26 12:43:27,259 :INFO :Starting test: Add product to cart from product display.
2025-05-26 12:43:27,675 :INFO :Searching for 'iMac'.
2025-05-26 12:43:29,038 :INFO :Navigating to iMac product detail page.
2025-05-26 12:43:29,351 :INFO :Attempting to add 'iMac' to shopping cart.
2025-05-26 12:43:35,259 :ERROR :Error message Screenshot saved at: C:\Python-Selenium\QA-Automation-Learning\MySecondProject_Opencart\Screenshots\failed_add_to_cart_success_message.png
Error details: Message: 
Stacktrace:
	GetHandleVerifier [0x00007FF66CBFCF45+75717]
	GetHandleVerifier [0x00007FF66CBFCFA0+75808]
	(No symbol) [0x00007FF66C9C8F9A]
	(No symbol) [0x00007FF66CA1F4C6]
	(No symbol) [0x00007FF66CA1F77C]
	(No symbol) [0x00007FF66CA72577]
	(No symbol) [0x00007FF66CA473BF]
	(No symbol) [0x00007FF66CA6F39C]
	(No symbol) [0x00007FF66CA47153]
	(No symbol) [0x00007FF66CA10421]
	(No symbol) [0x00007FF66CA111B3]
	GetHandleVerifier [0x00007FF66CEFD71D+3223453]
	GetHandleVerifier [0x00007FF66CEF7CC2+3200322]
	GetHandleVerifier [0x00007FF66CF15AF3+3322739]
	GetHandleVerifier [0x00007FF66CC16A1A+180890]
	GetHandleVerifier [0x00007FF66CC1E11F+211359]
	GetHandleVerifier [0x00007FF66CC05294+109332]
	GetHandleVerifier [0x00007FF66CC05442+109762]
	GetHandleVerifier [0x00007FF66CBEBA59+4825]
	BaseThreadInitThunk [0x00007FFC088BE8D7+23]
	RtlUserThreadStart [0x00007FFC09B3C5DC+44]

2025-05-26 12:50:43,991 :INFO :Starting test: Add product to cart from product display.
2025-05-26 12:50:44,401 :INFO :Searching for 'iMac'.
2025-05-26 12:50:46,721 :INFO :Navigating to iMac product detail page.
2025-05-26 12:50:46,890 :INFO :Attempting to add 'iMac' to shopping cart.
2025-05-26 12:50:52,799 :ERROR :Error message Screenshot saved at: C:\Python-Selenium\QA-Automation-Learning\MySecondProject_Opencart\Screenshots\failed_add_to_cart_success_message.png
Error details: Failed to display success message after adding product.
  Expected success message was not found.
assert False is True
 +  where False = check_success_message()
 +    where check_success_message = <pageObjects.productInfoPage.ProductInfoPage object at 0x0000023DB6B65520>.check_success_message
 +      where <pageObjects.productInfoPage.ProductInfoPage object at 0x0000023DB6B65520> = <testCases.test_addToCart.Test_004_addToCart testMethod=test_add_to_cart_from_product_display>.product_page
2025-05-26 13:04:41,322 :INFO :Starting test: Add product to cart from product display.
2025-05-26 13:04:41,518 :INFO :Searching for 'iMac'.
2025-05-26 13:04:43,259 :INFO :Navigating to iMac product detail page.
2025-05-26 13:04:43,409 :INFO :Attempting to add 'iMac' to shopping cart.
2025-05-26 13:04:44,038 :INFO :Success message displayed correctly after adding the product.
2025-05-26 13:04:44,762 :INFO :Navigating to shopping cart to verify product presence.
2025-05-26 13:04:50,217 :ERROR :Error message Screenshot saved at: C:\Python-Selenium\QA-Automation-Learning\MySecondProject_Opencart\Screenshots\failed_product_in_cart_verification.png
Error details: Product validation failed!
  Expected 'iMac' in cart, but it was not found.
assert None is True
 +  where None = check_product_name('iMacx')
 +    where check_product_name = <pageObjects.shoppingCartPage.ShoppingCartPage object at 0x0000021B993B5340>.check_product_name
 +      where <pageObjects.shoppingCartPage.ShoppingCartPage object at 0x0000021B993B5340> = <testCases.test_addToCart.Test_004_addToCart testMethod=test_add_to_cart_from_product_display>.cart_page
2025-05-26 13:06:57,473 :INFO :Starting test: Add product to cart from product display.
2025-05-26 13:06:57,837 :INFO :Searching for 'iMac'.
2025-05-26 13:06:59,234 :INFO :Navigating to iMac product detail page.
2025-05-26 13:06:59,405 :INFO :Attempting to add 'iMac' to shopping cart.
2025-05-26 13:06:59,966 :INFO :Success message displayed correctly after adding the product.
2025-05-26 13:07:00,530 :INFO :Navigating to shopping cart to verify product presence.
2025-05-26 13:08:14,795 :INFO :Starting test: Add product to cart from product display.
2025-05-26 13:08:15,144 :INFO :Searching for 'iMac'.
2025-05-26 13:08:16,477 :INFO :Navigating to iMac product detail page.
2025-05-26 13:08:16,650 :INFO :Attempting to add 'iMac' to shopping cart.
2025-05-26 13:08:17,274 :INFO :Success message displayed correctly after adding the product.
2025-05-26 13:08:17,755 :INFO :Navigating to shopping cart to verify product presence.
2025-05-26 13:09:30,907 :INFO :Starting test: Add product to cart from product display.
2025-05-26 13:09:31,288 :INFO :Searching for 'iMac'.
2025-05-26 13:09:32,442 :INFO :Navigating to iMac product detail page.
2025-05-26 13:09:32,593 :INFO :Attempting to add 'iMac' to shopping cart.
2025-05-26 13:09:33,150 :INFO :Success message displayed correctly after adding the product.
2025-05-26 13:09:33,656 :INFO :Navigating to shopping cart to verify product presence.
2025-05-26 13:13:21,213 :INFO :Starting test: Add product to cart from product display.
2025-05-26 13:13:21,515 :INFO :Searching for 'iMac'.
2025-05-26 13:13:22,821 :INFO :Navigating to iMac product detail page.
2025-05-26 13:13:22,985 :INFO :Attempting to add 'iMac' to shopping cart.
2025-05-26 13:13:23,544 :INFO :Success message displayed correctly after adding the product.
2025-05-26 13:13:24,077 :INFO :Navigating to shopping cart to verify product presence.
2025-05-26 13:14:12,725 :INFO :Starting test: Add product to cart from product display.
2025-05-26 13:14:13,087 :INFO :Searching for 'iMac'.
2025-05-26 13:14:14,233 :INFO :Navigating to iMac product detail page.
2025-05-26 13:14:14,440 :INFO :Attempting to add 'iMac' to shopping cart.
2025-05-26 13:14:15,002 :INFO :Success message displayed correctly after adding the product.
2025-05-26 13:14:15,537 :INFO :Navigating to shopping cart to verify product presence.
2025-05-26 13:14:20,575 :INFO :Product verification successful - 'iMac' is in the shopping cart.
2025-05-26 13:14:20,844 :INFO :Test execution completed - Browser closed.
2025-05-26 13:15:09,704 :INFO :Starting test: Add product to cart from product display.
2025-05-26 13:15:10,140 :INFO :Searching for 'iMac'.
2025-05-26 13:15:13,703 :INFO :Navigating to iMac product detail page.
2025-05-26 13:15:13,832 :INFO :Attempting to add 'iMac' to shopping cart.
2025-05-26 13:15:14,480 :INFO :Success message displayed correctly after adding the product.
2025-05-26 13:15:15,091 :INFO :Navigating to shopping cart to verify product presence.
2025-05-26 13:15:20,133 :INFO :Product verification successful - 'iMac test' is in the shopping cart.
2025-05-26 13:15:20,436 :INFO :Test execution completed - Browser closed.
2025-05-26 13:17:16,688 :INFO :Starting test: Add product to cart from product display.
2025-05-26 13:17:16,863 :INFO :Searching for 'iMac'.
2025-05-26 13:17:18,044 :INFO :Navigating to iMac product detail page.
2025-05-26 13:17:18,221 :INFO :Attempting to add 'iMac' to shopping cart.
2025-05-26 13:17:18,778 :INFO :Success message displayed correctly after adding the product.
2025-05-26 13:17:19,262 :INFO :Navigating to shopping cart to verify product presence.
2025-05-26 13:21:56,815 :INFO :Starting test: Add product to cart from product display.
2025-05-26 13:21:57,154 :INFO :Searching for 'iMac'.
2025-05-26 13:21:58,994 :INFO :Navigating to iMac product detail page.
2025-05-26 13:21:59,142 :INFO :Attempting to add 'iMac' to shopping cart.
2025-05-26 13:21:59,764 :INFO :Success message displayed correctly after adding the product.
2025-05-26 13:22:00,327 :INFO :Navigating to shopping cart to verify product presence.
2025-05-26 13:25:36,794 :INFO :Starting test: Add product to cart from product display.
2025-05-26 13:25:37,195 :INFO :Searching for 'iMac'.
2025-05-26 13:25:38,313 :INFO :Navigating to iMac product detail page.
2025-05-26 13:25:38,483 :INFO :Attempting to add 'iMac' to shopping cart.
2025-05-26 13:25:39,061 :INFO :Success message displayed correctly after adding the product.
2025-05-26 13:25:39,556 :INFO :Navigating to shopping cart to verify product presence.
2025-05-26 13:27:49,389 :INFO :Starting test: Add product to cart from product display.
2025-05-26 13:27:49,736 :INFO :Searching for 'iMac'.
2025-05-26 13:27:51,031 :INFO :Navigating to iMac product detail page.
2025-05-26 13:27:51,325 :INFO :Attempting to add 'iMac' to shopping cart.
2025-05-26 13:27:51,902 :INFO :Success message displayed correctly after adding the product.
2025-05-26 13:27:52,664 :INFO :Navigating to shopping cart to verify product presence.
2025-05-26 13:31:15,299 :INFO :Starting test: Add product to cart from product display.
2025-05-26 13:31:15,739 :INFO :Searching for 'iMac'.
2025-05-26 13:31:16,831 :INFO :Navigating to iMac product detail page.
2025-05-26 13:31:16,995 :INFO :Attempting to add 'iMac' to shopping cart.
2025-05-26 13:31:17,552 :INFO :Success message displayed correctly after adding the product.
2025-05-26 13:31:18,032 :INFO :Navigating to shopping cart to verify product presence.
2025-05-26 13:31:23,442 :ERROR :Error message Screenshot saved at: C:\Python-Selenium\QA-Automation-Learning\MySecondProject_Opencart\Screenshots\failed_product_in_cart_verification.png
Error details: Product validation failed!
  Expected 'iMac' in cart, but it was not found.
assert False is True
 +  where False = check_product_name('iMac test')
 +    where check_product_name = <pageObjects.shoppingCartPage.ShoppingCartPage object at 0x0000021E69E914F0>.check_product_name
 +      where <pageObjects.shoppingCartPage.ShoppingCartPage object at 0x0000021E69E914F0> = <testCases.test_addToCart.Test_004_addToCart testMethod=test_add_to_cart_from_product_display>.cart_page
2025-05-26 13:32:55,665 :INFO :Starting test: Add product to cart from product display.
2025-05-26 13:32:55,984 :INFO :Searching for 'iMac'.
2025-05-26 13:32:57,488 :INFO :Navigating to iMac product detail page.
2025-05-26 13:32:57,923 :INFO :Attempting to add 'iMac' to shopping cart.
2025-05-26 13:32:57,975 :INFO :Success message displayed correctly after adding the product.
2025-05-26 13:32:58,439 :INFO :Navigating to shopping cart to verify product presence.
2025-05-26 13:33:03,842 :ERROR :Error message Screenshot saved at: C:\Python-Selenium\QA-Automation-Learning\MySecondProject_Opencart\Screenshots\failed_product_in_cart_verification.png
Error details: Product validation failed!
  Expected 'iMac' in cart, but it was not found.
assert False is True
 +  where False = check_product_name('iMac test')
 +    where check_product_name = <pageObjects.shoppingCartPage.ShoppingCartPage object at 0x0000023A46BC5400>.check_product_name
 +      where <pageObjects.shoppingCartPage.ShoppingCartPage object at 0x0000023A46BC5400> = <testCases.test_addToCart.Test_004_addToCart testMethod=test_add_to_cart_from_product_display>.cart_page
2025-05-26 13:35:51,470 :INFO :Starting test: Add product to cart from product display.
2025-05-26 13:35:51,887 :INFO :Searching for 'iMac'.
2025-05-26 13:35:53,143 :INFO :Navigating to iMac product detail page.
2025-05-26 13:35:53,368 :INFO :Attempting to add 'iMac' to shopping cart.
2025-05-26 13:35:53,986 :INFO :Success message displayed correctly after adding the product.
2025-05-26 13:35:54,598 :INFO :Navigating to shopping cart to verify product presence.
2025-05-26 13:36:00,031 :ERROR :Error message Screenshot saved at: C:\Python-Selenium\QA-Automation-Learning\MySecondProject_Opencart\Screenshots\failed_product_in_cart_verification.png
Error details: Product validation failed!
  Expected 'iMac' in cart, but it was not found.
assert False is True
 +  where False = check_product_name('iMac test')
 +    where check_product_name = <pageObjects.shoppingCartPage.ShoppingCartPage object at 0x000002671F535610>.check_product_name
 +      where <pageObjects.shoppingCartPage.ShoppingCartPage object at 0x000002671F535610> = <testCases.test_addToCart.Test_004_addToCart testMethod=test_add_to_cart_from_product_display>.cart_page
2025-05-26 13:40:17,774 :INFO :Starting test: Add product to cart from product display.
2025-05-26 13:40:18,113 :INFO :Searching for 'iMac'.
2025-05-26 13:40:20,051 :INFO :Navigating to iMac product detail page.
2025-05-26 13:40:20,196 :INFO :Attempting to add 'iMac' to shopping cart.
2025-05-26 13:40:20,751 :INFO :Success message displayed correctly after adding the product.
2025-05-26 13:40:21,259 :INFO :Navigating to shopping cart to verify product presence.
2025-05-26 13:40:26,830 :ERROR :Error message Screenshot saved at: C:\Python-Selenium\QA-Automation-Learning\MySecondProject_Opencart\Screenshots\failed_product_in_cart_verification.png
Error details: Product validation failed!
  Expected 'iMac' in cart, but it was not found.
assert False is True
 +  where False = check_product_name('iMac test')
 +    where check_product_name = <pageObjects.shoppingCartPage.ShoppingCartPage object at 0x000001C5C22A1370>.check_product_name
 +      where <pageObjects.shoppingCartPage.ShoppingCartPage object at 0x000001C5C22A1370> = <testCases.test_addToCart.Test_004_addToCart testMethod=test_add_to_cart_from_product_display>.cart_page
2025-05-26 13:42:53,698 :INFO :Starting test: Add product to cart from product display.
2025-05-26 13:42:54,030 :INFO :Searching for 'iMac'.
2025-05-26 13:42:55,251 :INFO :Navigating to iMac product detail page.
2025-05-26 13:42:55,390 :INFO :Attempting to add 'iMac' to shopping cart.
2025-05-26 13:42:55,950 :INFO :Success message displayed correctly after adding the product.
2025-05-26 13:42:56,442 :INFO :Navigating to shopping cart to verify product presence.
2025-05-26 13:43:01,882 :ERROR :Error message Screenshot saved at: C:\Python-Selenium\QA-Automation-Learning\MySecondProject_Opencart\Screenshots\failed_product_in_cart_verification.png
Error details: Product validation failed!
  Expected 'iMac' in cart, but it was not found.
assert False is True
 +  where False = check_product_name('iMac test')
 +    where check_product_name = <pageObjects.shoppingCartPage.ShoppingCartPage object at 0x00000289AA108830>.check_product_name
 +      where <pageObjects.shoppingCartPage.ShoppingCartPage object at 0x00000289AA108830> = <testCases.test_addToCart.Test_004_addToCart testMethod=test_add_to_cart_from_product_display>.cart_page
2025-05-26 13:45:25,892 :INFO :Starting test: Add product to cart from product display.
2025-05-26 13:45:26,191 :INFO :Searching for 'iMac'.
2025-05-26 13:45:27,394 :INFO :Navigating to iMac product detail page.
2025-05-26 13:45:27,549 :INFO :Attempting to add 'iMac' to shopping cart.
2025-05-26 13:45:28,100 :INFO :Success message displayed correctly after adding the product.
2025-05-26 13:45:28,653 :INFO :Navigating to shopping cart to verify product presence.
2025-05-26 13:45:34,117 :ERROR :Error message Screenshot saved at: C:\Python-Selenium\QA-Automation-Learning\MySecondProject_Opencart\Screenshots\failed_product_in_cart_verification.png
Error details: Product validation failed!
  Expected 'iMac' in cart, but it was not found.
assert False is True
 +  where False = check_product_name('iMac test')
 +    where check_product_name = <pageObjects.shoppingCartPage.ShoppingCartPage object at 0x0000027FE49F4EC0>.check_product_name
 +      where <pageObjects.shoppingCartPage.ShoppingCartPage object at 0x0000027FE49F4EC0> = <testCases.test_addToCart.Test_004_addToCart testMethod=test_add_to_cart_from_product_display>.cart_page
2025-05-26 14:11:28,973 :INFO :Starting test: Add product to cart from product display.
2025-05-26 14:11:29,410 :INFO :Searching for 'iMac'.
2025-05-26 14:11:30,817 :INFO :Navigating to iMac product detail page.
2025-05-26 14:11:31,035 :INFO :Attempting to add 'iMac' to shopping cart.
2025-05-26 14:11:31,601 :INFO :Success message displayed correctly after adding the product.
2025-05-26 14:11:32,479 :INFO :Navigating to shopping cart to verify product presence.
2025-05-26 14:11:38,136 :ERROR :Error message Screenshot saved at: C:\Python-Selenium\QA-Automation-Learning\MySecondProject_Opencart\Screenshots\failed_product_in_cart_verification.png
Error details: Product validation failed!
  Expected 'iMac' in cart, but it was not found.
assert False is True
 +  where False = check_product_name('iMac test')
 +    where check_product_name = <pageObjects.shoppingCartPage.ShoppingCartPage object at 0x0000028275BD4350>.check_product_name
 +      where <pageObjects.shoppingCartPage.ShoppingCartPage object at 0x0000028275BD4350> = <testCases.test_addToCart.Test_004_addToCart testMethod=test_add_to_cart_from_product_display>.cart_page
2025-05-26 14:24:04,076 :INFO :successful message is displayed
2025-05-26 14:24:04,905 :INFO :The product is successfully added
2025-05-26 14:24:07,323 :ERROR :Error terminating service process.
Traceback (most recent call last):
  File "C:\Python-Selenium\QA-Automation-Learning\MySecondProject_Opencart\.venv\Lib\site-packages\selenium\webdriver\common\service.py", line 181, in _terminate_process
    self.process.terminate()
  File "C:\Program Files\Python312\Lib\subprocess.py", line 1671, in terminate
    _winapi.TerminateProcess(self._handle, 1)
OSError: [WinError 6] Das Handle ist ungültig
2025-05-26 14:24:39,347 :INFO :successful message is displayed
2025-05-26 14:24:39,961 :INFO :The product is successfully added
2025-05-26 14:26:26,814 :INFO :successful message is displayed
2025-05-26 14:26:32,495 :INFO :The product is successfully added
2025-05-26 14:27:20,158 :INFO :successful message is displayed
2025-05-26 14:27:25,886 :ERROR :Test felgeschlagen: Test failed
assert False == True
 +  where False = check_product_name('Samsung SyncMaster 941BW add')
 +    where check_product_name = <pageObjects.shoppingCartPage.ShoppingCartPage object at 0x000001E4D4A490D0>.check_product_name
 +      where <pageObjects.shoppingCartPage.ShoppingCartPage object at 0x000001E4D4A490D0> = <testCases.test_addToCart.Test_004_addToCart testMethod=test_add_product_to_wish_list>.cart_page
2025-05-26 14:42:18,548 :INFO :Starting test: Add product to wish list.
2025-05-26 14:42:19,339 :INFO :Navigating to Login section.
2025-05-26 14:42:20,567 :INFO :Logging in to proceed with adding product from wish list.
2025-05-26 14:42:21,067 :INFO :Attempting to add 'Samsung SyncMaster 941BW' to shopping cart from wish list.
2025-05-26 14:42:21,667 :INFO :Success message correctly displayed after adding product.
2025-05-26 14:42:22,261 :INFO :Navigating to shopping cart to verify product presence.
2025-05-26 14:42:22,323 :INFO :'Samsung SyncMaster 941BW' was successfully added to the shopping cart.
2025-05-26 14:42:22,475 :INFO :Test execution completed - Browser closed.
2025-05-26 14:43:07,757 :INFO :Starting test: Add product to wish list.
2025-05-26 14:43:08,410 :INFO :Navigating to Login section.
2025-05-26 14:43:09,460 :INFO :Logging in to proceed with adding product from wish list.
2025-05-26 14:43:09,903 :INFO :Attempting to add 'Samsung SyncMaster 941BW' to shopping cart from wish list.
2025-05-26 14:43:10,503 :INFO :Success message correctly displayed after adding product.
2025-05-26 14:43:11,225 :INFO :Navigating to shopping cart to verify product presence.
2025-05-26 14:43:11,887 :ERROR :Screenshot saved at: C:\Python-Selenium\QA-Automation-Learning\MySecondProject_Opencart\Screenshots\failed_wishlist_product_cart_verification.png
Error details: Error: 'Samsung SyncMaster 941BW' not found in shopping cart after adding from wish list.
  
assert False is True
 +  where False = check_product_name('Samsung SyncMaster 941BW add')
 +    where check_product_name = <pageObjects.shoppingCartPage.ShoppingCartPage object at 0x0000015E8A7E8D40>.check_product_name
 +      where <pageObjects.shoppingCartPage.ShoppingCartPage object at 0x0000015E8A7E8D40> = <testCases.test_addToCart.Test_004_addToCart testMethod=test_add_product_to_wish_list>.cart_page
2025-05-26 14:45:04,021 :INFO :Starting test: Add product to wish list.
2025-05-26 14:45:04,799 :INFO :Navigating to Login section.
2025-05-26 14:45:05,826 :INFO :Logging in to proceed with adding product from wish list.
2025-05-26 14:45:06,186 :INFO :Attempting to add 'Samsung SyncMaster 941BW' to shopping cart from wish list.
2025-05-26 14:45:06,249 :INFO :Success message correctly displayed after adding product.
2025-05-26 14:45:07,558 :INFO :Navigating to shopping cart to verify product presence.
2025-05-26 14:45:07,865 :ERROR :Screenshot saved at: C:\Python-Selenium\QA-Automation-Learning\MySecondProject_Opencart\Screenshots\failed_wishlist_product_cart_verification.png
Error details: Error: 'Samsung SyncMaster 941BW' not found in shopping cart after adding from wish list.
  
assert False is True
 +  where False = check_product_name('Samsung SyncMaster 941BW add')
 +    where check_product_name = <pageObjects.shoppingCartPage.ShoppingCartPage object at 0x000001C7BB625550>.check_product_name
 +      where <pageObjects.shoppingCartPage.ShoppingCartPage object at 0x000001C7BB625550> = <testCases.test_addToCart.Test_004_addToCart testMethod=test_add_product_to_wish_list>.cart_page
2025-05-26 14:47:02,759 :INFO :Starting test: Add product to wish list.
2025-05-26 14:47:03,496 :INFO :Navigating to Login section.
2025-05-26 14:47:04,555 :INFO :Logging in to proceed with adding product from wish list.
2025-05-26 14:47:04,932 :INFO :Attempting to add 'Samsung SyncMaster 941BW' to shopping cart from wish list.
2025-05-26 14:47:04,950 :INFO :Success message correctly displayed after adding product.
2025-05-26 14:47:05,328 :INFO :Navigating to shopping cart to verify product presence.
2025-05-26 14:47:05,403 :INFO :'Samsung SyncMaster 941BW' was successfully added to the shopping cart.
2025-05-26 14:47:07,238 :INFO :Test execution completed - Browser closed.
2025-05-26 14:47:41,627 :INFO :Starting test: Add product to wish list.
2025-05-26 14:47:42,619 :INFO :Navigating to Login section.
2025-05-26 14:47:43,637 :INFO :Logging in to proceed with adding product from wish list.
2025-05-26 14:47:44,033 :INFO :Attempting to add 'Samsung SyncMaster 941BW' to shopping cart from wish list.
2025-05-26 14:47:44,636 :INFO :Success message correctly displayed after adding product.
2025-05-26 14:47:45,214 :INFO :Navigating to shopping cart to verify product presence.
2025-05-26 14:47:45,266 :INFO :'Samsung SyncMaster 941BW' was successfully added to the shopping cart.
2025-05-26 14:47:45,578 :INFO :Test execution completed - Browser closed.
2025-05-26 14:47:47,755 :ERROR :Error terminating service process.
Traceback (most recent call last):
  File "C:\Python-Selenium\QA-Automation-Learning\MySecondProject_Opencart\.venv\Lib\site-packages\selenium\webdriver\common\service.py", line 181, in _terminate_process
    self.process.terminate()
  File "C:\Program Files\Python312\Lib\subprocess.py", line 1671, in terminate
    _winapi.TerminateProcess(self._handle, 1)
OSError: [WinError 6] Das Handle ist ungültig
2025-05-26 14:48:05,172 :INFO :Starting test: Add product to wish list.
2025-05-26 14:48:05,931 :INFO :Navigating to Login section.
2025-05-26 14:48:07,037 :INFO :Logging in to proceed with adding product from wish list.
2025-05-26 14:48:07,586 :INFO :Attempting to add 'Samsung SyncMaster 941BW' to shopping cart from wish list.
2025-05-26 14:48:08,184 :INFO :Success message correctly displayed after adding product.
2025-05-26 14:48:08,678 :INFO :Navigating to shopping cart to verify product presence.
2025-05-26 14:48:08,743 :INFO :'Samsung SyncMaster 941BW' was successfully added to the shopping cart.
2025-05-26 14:48:09,001 :INFO :Test execution completed - Browser closed.
2025-05-26 14:48:14,090 :INFO :Starting test: Add product to cart from product display.
2025-05-26 14:48:14,417 :INFO :Searching for 'iMac'.
2025-05-26 14:48:15,619 :INFO :Navigating to iMac product detail page.
2025-05-26 14:48:15,764 :INFO :Attempting to add 'iMac' to shopping cart.
2025-05-26 14:48:16,316 :INFO :Success message displayed correctly after adding the product.
2025-05-26 14:48:16,813 :INFO :Navigating to shopping cart to verify product presence.
2025-05-26 14:48:17,300 :ERROR :Error message Screenshot saved at: C:\Python-Selenium\QA-Automation-Learning\MySecondProject_Opencart\Screenshots\failed_product_in_cart_verification.png
Error details: Product validation failed!
  Expected 'iMac' in cart, but it was not found.
assert False is True
 +  where False = check_product_name('iMac test')
 +    where check_product_name = <pageObjects.shoppingCartPage.ShoppingCartPage object at 0x000002495BF99A30>.check_product_name
 +      where <pageObjects.shoppingCartPage.ShoppingCartPage object at 0x000002495BF99A30> = <testCases.test_addToCart.Test_004_addToCart testMethod=test_add_to_cart_from_product_display>.cart_page
2025-05-27 10:39:19,106 :INFO :Starting test: Add product to cart from search result.
2025-05-27 10:39:19,651 :INFO :Searching for 'iMac'.
2025-05-27 13:11:28,539 :INFO :Starting test: Add product to cart from search result.
2025-05-27 13:11:29,052 :INFO :Searching for 'iMac'.
2025-05-27 13:11:30,472 :INFO :Success message displayed correctly after adding the product.
2025-05-27 13:12:16,486 :INFO :Starting test: Add product to cart from search result.
2025-05-27 13:12:16,844 :INFO :Searching for 'iMac'.
2025-05-27 13:12:18,368 :INFO :Success message displayed correctly after adding the product.
2025-05-27 13:13:01,615 :INFO :Starting test: Add product to cart from search result.
2025-05-27 13:13:02,016 :INFO :Searching for 'iMac'.
2025-05-27 13:13:03,390 :INFO :Success message displayed correctly after adding the product.
2025-05-27 13:18:51,378 :INFO :Starting test: Add product to cart from search result.
2025-05-27 13:18:51,679 :INFO :Searching for 'iMac'.
2025-05-27 13:18:52,996 :INFO :Success message displayed correctly after adding the product.
2025-05-27 13:20:24,432 :INFO :Starting test: Add product to cart from search result.
2025-05-27 13:20:24,815 :INFO :Searching for 'iMac'.
2025-05-27 13:20:26,130 :INFO :Success message displayed correctly after adding the product.
2025-05-28 00:37:25,107 :INFO :Starting test: Add product to cart from search result.
2025-05-28 00:37:25,643 :INFO :Searching for 'iMac'.
2025-05-28 00:37:27,145 :INFO :Success message displayed correctly after adding the product.
2025-05-28 00:38:05,945 :INFO :Starting test: Add product to cart from search result.
2025-05-28 00:38:06,227 :INFO :Searching for 'iMac'.
2025-05-28 00:38:07,598 :INFO :Success message displayed correctly after adding the product.
2025-05-28 00:38:15,032 :ERROR :Error terminating service process.
Traceback (most recent call last):
  File "C:\Python-Selenium\QA-Automation-Learning\MySecondProject_Opencart\.venv\Lib\site-packages\selenium\webdriver\common\service.py", line 181, in _terminate_process
    self.process.terminate()
  File "C:\Program Files\Python312\Lib\subprocess.py", line 1671, in terminate
    _winapi.TerminateProcess(self._handle, 1)
OSError: [WinError 6] Das Handle ist ungültig
2025-05-28 09:48:52,534 :INFO :Starting test: Add product to cart from search result.
2025-05-28 09:48:53,013 :INFO :Searching for 'iMac'.
2025-05-28 09:48:54,597 :INFO :Success message displayed correctly after adding the product.
2025-05-28 09:49:33,790 :INFO :Starting test: Add product to cart from search result.
2025-05-28 09:49:34,250 :INFO :Searching for 'iMac'.
2025-05-28 09:49:35,787 :INFO :Success message displayed correctly after adding the product.
2025-05-28 09:49:43,595 :ERROR :Error terminating service process.
Traceback (most recent call last):
  File "C:\Python-Selenium\QA-Automation-Learning\MySecondProject_Opencart\.venv\Lib\site-packages\selenium\webdriver\common\service.py", line 181, in _terminate_process
    self.process.terminate()
  File "C:\Program Files\Python312\Lib\subprocess.py", line 1671, in terminate
    _winapi.TerminateProcess(self._handle, 1)
OSError: [WinError 6] Das Handle ist ungültig
2025-05-28 09:53:23,856 :INFO :Starting test: Add product to cart from search result.
2025-05-28 09:53:24,142 :INFO :Searching for 'iMac'.
2025-05-28 09:53:25,493 :INFO :Success message displayed correctly after adding the product.
2025-05-28 09:53:33,620 :ERROR :Error terminating service process.
Traceback (most recent call last):
  File "C:\Python-Selenium\QA-Automation-Learning\MySecondProject_Opencart\.venv\Lib\site-packages\selenium\webdriver\common\service.py", line 181, in _terminate_process
    self.process.terminate()
  File "C:\Program Files\Python312\Lib\subprocess.py", line 1671, in terminate
    _winapi.TerminateProcess(self._handle, 1)
OSError: [WinError 6] Das Handle ist ungültig
2025-05-28 10:02:37,054 :INFO :Starting test: Add product to cart from search result.
2025-05-28 10:02:37,429 :INFO :Searching for 'iMac'.
2025-05-28 10:02:38,725 :INFO :Success message displayed correctly after adding the product.
2025-05-28 10:02:40,101 :ERROR :Screenshot saved at: C:\Python-Selenium\QA-Automation-Learning\MySecondProject_Opencart\Screenshots\failed_wishlist_product_cart_verification.png
Error details: Error: 'iMac' not found in shopping cart after adding from search page.
  
assert False is True
 +  where False = check_product_name('iMa')
 +    where check_product_name = <pageObjects.shoppingCartPage.ShoppingCartPage object at 0x000001FDFAC6F4D0>.check_product_name
 +      where <pageObjects.shoppingCartPage.ShoppingCartPage object at 0x000001FDFAC6F4D0> = <testCases.test_addToCart.Test_004_addToCart testMethod=test_add_to_cart_from_search_result>.cart_page
2025-05-28 10:03:55,511 :INFO :Starting test: Add product to cart from search result.
2025-05-28 10:03:55,729 :INFO :Searching for 'iMac'.
2025-05-28 10:04:24,052 :INFO :Starting test: Add product to cart from search result.
2025-05-28 10:04:24,375 :INFO :Searching for 'iMac'.
2025-05-28 10:04:25,746 :INFO :Success message displayed correctly after adding the product.
2025-05-28 10:04:26,609 :INFO :'iMac' was successfully added to the shopping cart.
2025-05-28 10:04:26,725 :INFO :Test execution completed - Browser closed.
2025-05-28 10:04:29,007 :ERROR :Error terminating service process.
Traceback (most recent call last):
  File "C:\Python-Selenium\QA-Automation-Learning\MySecondProject_Opencart\.venv\Lib\site-packages\selenium\webdriver\common\service.py", line 181, in _terminate_process
    self.process.terminate()
  File "C:\Program Files\Python312\Lib\subprocess.py", line 1671, in terminate
    _winapi.TerminateProcess(self._handle, 1)
OSError: [WinError 6] Das Handle ist ungültig
2025-05-28 10:07:00,977 :INFO :Starting test: Add product to cart from search result.
2025-05-28 10:07:01,269 :INFO :Searching for 'iMac'.
2025-05-28 10:07:02,928 :INFO :Success message displayed correctly after adding the product.
2025-05-28 10:07:03,669 :INFO :'iMac' was successfully added to the shopping cart.
2025-05-28 10:07:04,006 :INFO :Test execution completed - Browser closed.
2025-05-28 10:07:06,197 :ERROR :Error terminating service process.
Traceback (most recent call last):
  File "C:\Python-Selenium\QA-Automation-Learning\MySecondProject_Opencart\.venv\Lib\site-packages\selenium\webdriver\common\service.py", line 181, in _terminate_process
    self.process.terminate()
  File "C:\Program Files\Python312\Lib\subprocess.py", line 1671, in terminate
    _winapi.TerminateProcess(self._handle, 1)
OSError: [WinError 6] Das Handle ist ungültig
2025-05-28 10:31:19,706 :INFO :Starting test: Add product to cart from search results.
2025-05-28 10:31:20,059 :INFO :Searching for 'iMac'.
2025-05-28 10:31:21,459 :INFO :Success message displayed correctly after adding the product.
2025-05-28 10:31:21,459 :INFO :Waiting for shopping cart count to change from '0 item(s) - $0.00' to a new updated value.
2025-05-28 10:31:21,525 :INFO :Cart item count updated. Previous: '0 item(s) - $0.00', New: '1 item(s) - $122.00'
2025-05-28 10:31:22,295 :INFO :'iMac' was successfully added to the shopping cart.
2025-05-28 10:31:22,578 :INFO :Test execution completed - Browser closed.
2025-05-28 10:35:05,105 :INFO :Starting test: Add product to cart from search results.
2025-05-28 10:35:05,409 :INFO :Searching for 'iMac'.
2025-05-28 10:35:06,775 :INFO :Success message displayed correctly after adding the product.
2025-05-28 10:35:06,775 :INFO :Waiting for shopping cart count to change from '0 item(s) - $0.00' to a new updated value.
2025-05-28 10:35:06,823 :INFO :Cart item count updated. Previous: '0 item(s) - $0.00', New: '1 item(s) - $122.00'
2025-05-28 10:35:08,015 :ERROR :Screenshot saved at: C:\Python-Selenium\QA-Automation-Learning\MySecondProject_Opencart\Screenshots\failed_cart_product_verification.png
Error details: Shopping cart verification failed!
  'iMac' was expected in the cart but was not found.
assert False is True
 +  where False = check_product_name('iMa')
 +    where check_product_name = <pageObjects.shoppingCartPage.ShoppingCartPage object at 0x0000019E6F325670>.check_product_name
 +      where <pageObjects.shoppingCartPage.ShoppingCartPage object at 0x0000019E6F325670> = <testCases.test_addToCart.Test_004_addToCart testMethod=test_add_to_cart_from_search_result>.cart_page
2025-06-02 10:13:56,320 :INFO :Login successful - User redirected to 'My Account'
2025-06-02 11:45:27,628 :INFO :Login successful - User redirected to 'My Account'
2025-06-02 11:46:21,265 :ERROR :Login test was not successful!The change password after login test cannot be proceeded.
Error details: Login failed!
  Expected page title: 'My Account', but got: 'Account Login'
assert 'Account Login' == 'My Account'
  
  - My Account
  + Account Login 
2025-06-02 11:46:36,611 :INFO :Login successful - User redirected to 'My Account'
2025-06-02 11:47:21,211 :INFO :Login successful - User redirected to 'My Account'
2025-06-04 12:35:09,569 :INFO :
2025-06-04 12:38:42,861 :INFO :connection successfull
2025-06-04 12:45:30,314 :INFO :connection successfull
2025-06-04 12:47:50,081 :INFO :connection successfull
2025-06-04 12:48:17,063 :INFO :test passed
2025-06-04 12:48:17,066 :INFO :connection closed
2025-06-04 12:57:31,365 :INFO :connection successfull
2025-06-04 12:57:39,820 :INFO :test passed
2025-06-04 12:57:41,194 :INFO :connection closed
2025-06-04 13:01:55,109 :INFO :connection successfull
2025-06-04 13:02:05,963 :INFO :test passed
2025-06-04 13:02:07,257 :INFO :test passed
2025-06-04 13:02:07,263 :INFO :connection closed
2025-06-04 13:02:35,599 :INFO :connection successfull
2025-06-04 13:02:44,727 :INFO :test passed
2025-06-04 13:02:45,919 :ERROR :test failed
2025-06-04 13:02:46,214 :INFO :connection closed
2025-06-04 13:35:23,669 :ERROR :Error terminating service process.
Traceback (most recent call last):
  File "C:\Python-Selenium\QA-Automation-Learning\MySecondProject_Opencart\.venv\Lib\site-packages\selenium\webdriver\common\service.py", line 181, in _terminate_process
    self.process.terminate()
  File "C:\Program Files\Python312\Lib\subprocess.py", line 1671, in terminate
    _winapi.TerminateProcess(self._handle, 1)
OSError: [WinError 6] Das Handle ist ungültig
2025-06-04 13:36:43,822 :ERROR :Error terminating service process.
Traceback (most recent call last):
  File "C:\Python-Selenium\QA-Automation-Learning\MySecondProject_Opencart\.venv\Lib\site-packages\selenium\webdriver\common\service.py", line 181, in _terminate_process
    self.process.terminate()
  File "C:\Program Files\Python312\Lib\subprocess.py", line 1671, in terminate
    _winapi.TerminateProcess(self._handle, 1)
OSError: [WinError 6] Das Handle ist ungültig
2025-06-05 22:49:02,990 :ERROR :Error terminating service process.
Traceback (most recent call last):
  File "C:\Python-Selenium\QA-Automation-Learning\MySecondProject_Opencart\.venv\Lib\site-packages\selenium\webdriver\common\service.py", line 181, in _terminate_process
    self.process.terminate()
  File "C:\Program Files\Python312\Lib\subprocess.py", line 1671, in terminate
    _winapi.TerminateProcess(self._handle, 1)
OSError: [WinError 6] Das Handle ist ungültig
